{
  "stats": {
    "suites": 1,
    "tests": 5,
    "passes": 5,
    "pending": 0,
    "failures": 0,
    "start": "2020-09-22T12:56:04.186Z",
    "end": "2020-09-22T12:57:37.894Z",
    "duration": 93708,
    "testsRegistered": 5,
    "passPercent": 100,
    "pendingPercent": 0,
    "other": 0,
    "hasOther": false,
    "skipped": 0,
    "hasSkipped": false
  },
  "results": [
    {
      "uuid": "a9ad7a92-89ee-438c-ade7-a0cf6873ec11",
      "title": "",
      "fullFile": "cypress\\integration\\sanity.feature",
      "file": "cypress\\integration\\sanity.feature",
      "beforeHooks": [],
      "afterHooks": [],
      "tests": [],
      "suites": [
        {
          "uuid": "f6f045d9-0481-4133-b9fd-c16079fc33c3",
          "title": "NG911 automation sanity",
          "fullFile": "",
          "file": "",
          "beforeHooks": [],
          "afterHooks": [],
          "tests": [
            {
              "title": "Login in NG911 app and validate home page",
              "fullTitle": "NG911 automation sanity Login in NG911 app and validate home page",
              "timedOut": null,
              "duration": 27402,
              "state": "passed",
              "speed": "slow",
              "pass": true,
              "fail": false,
              "pending": false,
              "context": null,
              "code": "const state = window.testState;\nreturn cy\n  .then(() => state.onStartScenario(scenario, indexedSteps))\n  .then(() =>\n    resolveAndRunBeforeHooks.call(this, scenario.tags, state.feature.name)\n  )\n  .then(() =>\n    indexedSteps.forEach(step =>\n      stepTest.call(this, state, step, rowData)\n    )\n  )\n  .then(() =>\n    resolveAndRunAfterHooks.call(this, scenario.tags, state.feature.name)\n  )\n  .then(() => state.onFinishScenario(scenario));",
              "err": {},
              "uuid": "e76ef572-89c7-4fd7-a281-a9e0f1a1a41a",
              "parentUUID": "f6f045d9-0481-4133-b9fd-c16079fc33c3",
              "isHook": false,
              "skipped": false
            },
            {
              "title": "validate PSAP page and there APIs",
              "fullTitle": "NG911 automation sanity validate PSAP page and there APIs",
              "timedOut": null,
              "duration": 22547,
              "state": "passed",
              "speed": "slow",
              "pass": true,
              "fail": false,
              "pending": false,
              "context": null,
              "code": "const state = window.testState;\nreturn cy\n  .then(() => state.onStartScenario(scenario, indexedSteps))\n  .then(() =>\n    resolveAndRunBeforeHooks.call(this, scenario.tags, state.feature.name)\n  )\n  .then(() =>\n    indexedSteps.forEach(step =>\n      stepTest.call(this, state, step, rowData)\n    )\n  )\n  .then(() =>\n    resolveAndRunAfterHooks.call(this, scenario.tags, state.feature.name)\n  )\n  .then(() => state.onFinishScenario(scenario));",
              "err": {},
              "uuid": "0c2dcb8a-5046-4978-9787-97b8523e7978",
              "parentUUID": "f6f045d9-0481-4133-b9fd-c16079fc33c3",
              "isHook": false,
              "skipped": false
            },
            {
              "title": "validate NGCS page and there APIs",
              "fullTitle": "NG911 automation sanity validate NGCS page and there APIs",
              "timedOut": null,
              "duration": 10449,
              "state": "passed",
              "speed": "slow",
              "pass": true,
              "fail": false,
              "pending": false,
              "context": null,
              "code": "const state = window.testState;\nreturn cy\n  .then(() => state.onStartScenario(scenario, indexedSteps))\n  .then(() =>\n    resolveAndRunBeforeHooks.call(this, scenario.tags, state.feature.name)\n  )\n  .then(() =>\n    indexedSteps.forEach(step =>\n      stepTest.call(this, state, step, rowData)\n    )\n  )\n  .then(() =>\n    resolveAndRunAfterHooks.call(this, scenario.tags, state.feature.name)\n  )\n  .then(() => state.onFinishScenario(scenario));",
              "err": {},
              "uuid": "f71e8ce2-5f46-4b05-b856-07ddc1bbd3bd",
              "parentUUID": "f6f045d9-0481-4133-b9fd-c16079fc33c3",
              "isHook": false,
              "skipped": false
            },
            {
              "title": "validate INGRESS page and there APIs",
              "fullTitle": "NG911 automation sanity validate INGRESS page and there APIs",
              "timedOut": null,
              "duration": 12546,
              "state": "passed",
              "speed": "slow",
              "pass": true,
              "fail": false,
              "pending": false,
              "context": null,
              "code": "const state = window.testState;\nreturn cy\n  .then(() => state.onStartScenario(scenario, indexedSteps))\n  .then(() =>\n    resolveAndRunBeforeHooks.call(this, scenario.tags, state.feature.name)\n  )\n  .then(() =>\n    indexedSteps.forEach(step =>\n      stepTest.call(this, state, step, rowData)\n    )\n  )\n  .then(() =>\n    resolveAndRunAfterHooks.call(this, scenario.tags, state.feature.name)\n  )\n  .then(() => state.onFinishScenario(scenario));",
              "err": {},
              "uuid": "6c7804fa-2d2f-4682-92f0-cd8893e6e8ec",
              "parentUUID": "f6f045d9-0481-4133-b9fd-c16079fc33c3",
              "isHook": false,
              "skipped": false
            },
            {
              "title": "validate ALARMS page and there APIs",
              "fullTitle": "NG911 automation sanity validate ALARMS page and there APIs",
              "timedOut": null,
              "duration": 11091,
              "state": "passed",
              "speed": "slow",
              "pass": true,
              "fail": false,
              "pending": false,
              "context": null,
              "code": "const state = window.testState;\nreturn cy\n  .then(() => state.onStartScenario(scenario, indexedSteps))\n  .then(() =>\n    resolveAndRunBeforeHooks.call(this, scenario.tags, state.feature.name)\n  )\n  .then(() =>\n    indexedSteps.forEach(step =>\n      stepTest.call(this, state, step, rowData)\n    )\n  )\n  .then(() =>\n    resolveAndRunAfterHooks.call(this, scenario.tags, state.feature.name)\n  )\n  .then(() => state.onFinishScenario(scenario));",
              "err": {},
              "uuid": "66bac66c-4117-4cf8-9e14-ac04f003c0c1",
              "parentUUID": "f6f045d9-0481-4133-b9fd-c16079fc33c3",
              "isHook": false,
              "skipped": false
            }
          ],
          "suites": [],
          "passes": [
            "e76ef572-89c7-4fd7-a281-a9e0f1a1a41a",
            "0c2dcb8a-5046-4978-9787-97b8523e7978",
            "f71e8ce2-5f46-4b05-b856-07ddc1bbd3bd",
            "6c7804fa-2d2f-4682-92f0-cd8893e6e8ec",
            "66bac66c-4117-4cf8-9e14-ac04f003c0c1"
          ],
          "failures": [],
          "pending": [],
          "skipped": [],
          "duration": 84035,
          "root": false,
          "rootEmpty": false,
          "_timeout": 2000
        }
      ],
      "passes": [],
      "failures": [],
      "pending": [],
      "skipped": [],
      "duration": 0,
      "root": true,
      "rootEmpty": true,
      "_timeout": 2000
    }
  ],
  "meta": {
    "mocha": {
      "version": "7.0.1"
    },
    "mochawesome": {
      "options": {
        "quiet": false,
        "reportFilename": "mochawesome",
        "saveHtml": true,
        "saveJson": true,
        "consoleReporter": "spec",
        "useInlineDiffs": false,
        "code": true
      },
      "version": "6.1.1"
    },
    "marge": {
      "options": {
        "id": "default",
        "reportDir": "cypress/reports/mocha",
        "quite": true,
        "overwrite": false,
        "html": true,
        "json": true
      },
      "version": "5.1.0"
    }
  }
}