{
  "stats": {
    "suites": 1,
    "tests": 5,
    "passes": 4,
    "pending": 0,
    "failures": 1,
    "start": "2020-09-22T11:55:15.027Z",
    "end": "2020-09-22T11:56:41.458Z",
    "duration": 86431,
    "testsRegistered": 5,
    "passPercent": 80,
    "pendingPercent": 0,
    "other": 0,
    "hasOther": false,
    "skipped": 0,
    "hasSkipped": false
  },
  "results": [
    {
      "uuid": "02e37af5-5ef5-48b5-bfd4-61b84403231e",
      "title": "",
      "fullFile": "cypress\\integration\\sanity.feature",
      "file": "cypress\\integration\\sanity.feature",
      "beforeHooks": [],
      "afterHooks": [],
      "tests": [],
      "suites": [
        {
          "uuid": "e2e3edec-bd44-4ce8-b3e9-0bf50e2b7975",
          "title": "NG911 automation sanity",
          "fullFile": "",
          "file": "",
          "beforeHooks": [],
          "afterHooks": [],
          "tests": [
            {
              "title": "Login in NG911 app and validate home page",
              "fullTitle": "NG911 automation sanity Login in NG911 app and validate home page",
              "timedOut": null,
              "duration": 26337,
              "state": "passed",
              "speed": "slow",
              "pass": true,
              "fail": false,
              "pending": false,
              "context": null,
              "code": "const state = window.testState;\nreturn cy\n  .then(() => state.onStartScenario(scenario, indexedSteps))\n  .then(() =>\n    resolveAndRunBeforeHooks.call(this, scenario.tags, state.feature.name)\n  )\n  .then(() =>\n    indexedSteps.forEach(step =>\n      stepTest.call(this, state, step, rowData)\n    )\n  )\n  .then(() =>\n    resolveAndRunAfterHooks.call(this, scenario.tags, state.feature.name)\n  )\n  .then(() => state.onFinishScenario(scenario));",
              "err": {},
              "uuid": "42cb928c-8146-4268-aace-b1ec234bf8e6",
              "parentUUID": "e2e3edec-bd44-4ce8-b3e9-0bf50e2b7975",
              "isHook": false,
              "skipped": false
            },
            {
              "title": "validate PSAP page and there APIs",
              "fullTitle": "NG911 automation sanity validate PSAP page and there APIs",
              "timedOut": null,
              "duration": 20520,
              "state": "passed",
              "speed": "slow",
              "pass": true,
              "fail": false,
              "pending": false,
              "context": null,
              "code": "const state = window.testState;\nreturn cy\n  .then(() => state.onStartScenario(scenario, indexedSteps))\n  .then(() =>\n    resolveAndRunBeforeHooks.call(this, scenario.tags, state.feature.name)\n  )\n  .then(() =>\n    indexedSteps.forEach(step =>\n      stepTest.call(this, state, step, rowData)\n    )\n  )\n  .then(() =>\n    resolveAndRunAfterHooks.call(this, scenario.tags, state.feature.name)\n  )\n  .then(() => state.onFinishScenario(scenario));",
              "err": {},
              "uuid": "ad5d238a-113a-41cb-96d1-e2675e1735e1",
              "parentUUID": "e2e3edec-bd44-4ce8-b3e9-0bf50e2b7975",
              "isHook": false,
              "skipped": false
            },
            {
              "title": "validate NGCS page and there APIs",
              "fullTitle": "NG911 automation sanity validate NGCS page and there APIs",
              "timedOut": null,
              "duration": 9786,
              "state": "passed",
              "speed": "slow",
              "pass": true,
              "fail": false,
              "pending": false,
              "context": null,
              "code": "const state = window.testState;\nreturn cy\n  .then(() => state.onStartScenario(scenario, indexedSteps))\n  .then(() =>\n    resolveAndRunBeforeHooks.call(this, scenario.tags, state.feature.name)\n  )\n  .then(() =>\n    indexedSteps.forEach(step =>\n      stepTest.call(this, state, step, rowData)\n    )\n  )\n  .then(() =>\n    resolveAndRunAfterHooks.call(this, scenario.tags, state.feature.name)\n  )\n  .then(() => state.onFinishScenario(scenario));",
              "err": {},
              "uuid": "f7ceabf2-6c14-4fa4-8031-83e574b053d9",
              "parentUUID": "e2e3edec-bd44-4ce8-b3e9-0bf50e2b7975",
              "isHook": false,
              "skipped": false
            },
            {
              "title": "validate INGRESS page and there APIs",
              "fullTitle": "NG911 automation sanity validate INGRESS page and there APIs",
              "timedOut": null,
              "duration": 11241,
              "state": "passed",
              "speed": "slow",
              "pass": true,
              "fail": false,
              "pending": false,
              "context": null,
              "code": "const state = window.testState;\nreturn cy\n  .then(() => state.onStartScenario(scenario, indexedSteps))\n  .then(() =>\n    resolveAndRunBeforeHooks.call(this, scenario.tags, state.feature.name)\n  )\n  .then(() =>\n    indexedSteps.forEach(step =>\n      stepTest.call(this, state, step, rowData)\n    )\n  )\n  .then(() =>\n    resolveAndRunAfterHooks.call(this, scenario.tags, state.feature.name)\n  )\n  .then(() => state.onFinishScenario(scenario));",
              "err": {},
              "uuid": "98fe1f6b-d7f3-4579-85c9-0427c2d5d9e0",
              "parentUUID": "e2e3edec-bd44-4ce8-b3e9-0bf50e2b7975",
              "isHook": false,
              "skipped": false
            },
            {
              "title": "validate ALARMS page and there APIs",
              "fullTitle": "NG911 automation sanity validate ALARMS page and there APIs",
              "timedOut": null,
              "duration": 9450,
              "state": "failed",
              "speed": null,
              "pass": false,
              "fail": true,
              "pending": false,
              "context": null,
              "code": "const state = window.testState;\nreturn cy\n  .then(() => state.onStartScenario(scenario, indexedSteps))\n  .then(() =>\n    resolveAndRunBeforeHooks.call(this, scenario.tags, state.feature.name)\n  )\n  .then(() =>\n    indexedSteps.forEach(step =>\n      stepTest.call(this, state, step, rowData)\n    )\n  )\n  .then(() =>\n    resolveAndRunAfterHooks.call(this, scenario.tags, state.feature.name)\n  )\n  .then(() => state.onFinishScenario(scenario));",
              "err": {
                "message": "CypressError: `cy.request()` failed on:\n\nhttps://api-dev1.centurylink.com/DataServices/v1/PublicSafety/ng911/alarms1\n\nThe response we received from your web server was:\n\n  > 404: Not Found\n\nThis was considered a failure because the status code was not `2xx` or `3xx`.\n\nIf you do not want status codes to cause failures pass the option: `failOnStatusCode: false`\n\n-----------------------------------------------------------\n\nThe request we sent was:\n\nMethod: GET\nURL: https://api-dev1.centurylink.com/DataServices/v1/PublicSafety/ng911/alarms1\nHeaders: {\n  \"Connection\": \"keep-alive\",\n  \"accept\": \"application/json\",\n  \"Authorization\": \"Bearer eyJ0eXAiOiJKV1QiLCJhbGciOiJSUzI1NiIsImtpZCI6IjdmNTRkMjcxLTU5N2YtNDQ3ZS04YzJlLTRiYTY4MjU1YmMzMSJ9.eyJpc3MiOiJBUFBLRVk3NTY3NTIwMjAwMTEwMTU1OTQ5NTg2MTExMjc0IiwiZW50ZXJwcmlzZSI6Ijk0ODEiLCJqdGkiOiIxMTIxNDJkYy0wNmQzLTQ5ZTQtYTc5Yy02MzU2NzU4ZDMyYmUiLCJzdWIiOiJrb2hsc0BlbnYxLmNvbSIsInVzZXJuYW1lIjoia29obHNAZW52MS5jb20iLCJuYW1lIjoiS29obHMgS29obHMiLCJhY2Nlc3NfdHlwZSI6ImFjY2Vzc190b2tlbiIsImVudiI6ImVudjEiLCJ1aWQiOiIxMTkxNTkyMSIsInR5cGUiOiJlbnRlcnByaXNlIiwiaWF0IjoxNjAwNzc1NzIzLCJleHAiOjE2MDA3NzYwMjN9.LvnWnVr9ts3HU4esN5EWkA_Tbi9zmP3lOOimGrw2jNYPSE_49otBEaoGVYukdIaI6HiWzyMABA-bXCyOKJFgo7rlqdFyHKnOoaQXWhBzYqbwcTk0LuaVEQnS3aVns3YXEATSrc0oq1BiQwBu7i6IAGUKSvg1qzDMinDrmGb_iwRjGMlNNJbXf7WogIFKJkCVyfza_t8kpSKdKtwu9haRsmWBP-sK4wFGdyvPA5nmIxxD_Im9JfWhWoAmDI9PY9VK47Rou20-gF_Od9J1ffeRTpT9bzaEqHxLoe47S4e_hzLgEL_qBABbR0wWvxHgeod5xcbbywbUDm6yz2rj1auGVmd18Rkq7aLhPIBpUdlTV9VzSqJucX-oHahaxf-5mf2tFnvvgrRHf_hz860fk7negM8CYQhIQ80um25D9MkXrgZU9ZybdHrJ9p4hhMmj1QocreYBNT7XGtqLmobCGkPE52p1Ti194yWj5xV0GqaUAxaFvch8Z-tzFymcHPlAj4n6IoRALZ-VDTyuNRSJ1-o2L7TAuVtKZtIhFqZgrThL4YLPnhotY00wYlFC0emEa32dTiARgnrjNAV8kj0L868hSBctD7YUUXHTE-_vVWdVD_uOda1y2ea9D-3BC8dj0r9QZfEgR7s_ViucI9WyPs0AMll0j3ptyieix4uLyw_OH-g\",\n  \"user-agent\": \"Mozilla/5.0 (Windows NT 10.0; Win64; x64) AppleWebKit/537.36 (KHTML, like Gecko) Cypress/5.1.0 Chrome/83.0.4103.122 Electron/9.2.1 Safari/537.36\",\n  \"accept-encoding\": \"gzip, deflate\"\n}\n\n-----------------------------------------------------------\n\nThe response we got was:\n\nStatus: 404 - Not Found\nHeaders: {\n  \"date\": \"Tue, 22 Sep 2020 11:56:40 GMT\",\n  \"content-type\": \"application/json\",\n  \"transfer-encoding\": \"chunked\",\n  \"connection\": \"keep-alive\",\n  \"server\": \"nginx/1.17.6\",\n  \"vary\": \"Origin, Access-Control-Request-Method, Access-Control-Request-Headers\",\n  \"x-content-type-options\": \"nosniff\",\n  \"x-xss-protection\": \"1; mode=block\",\n  \"cache-control\": \"no-cache, no-store, max-age=0, must-revalidate\",\n  \"pragma\": \"no-cache\",\n  \"expires\": \"0\",\n  \"x-frame-options\": \"DENY\",\n  \"x-level3-mediation-id\": \"ME-apigeeidc16test8370176718044\",\n  \"access-control-allow-origin\": \"*\",\n  \"trackingid\": \"ed0dd936-c7d6-bf74-5919-1b51a0acf2f9\"\n}\nBody: {\n  \"timestamp\": 1600775800048,\n  \"status\": 404,\n  \"error\": \"Not Found\",\n  \"message\": \"\",\n  \"path\": \"/api/v1/alarms1\"\n}\n\n\nhttps://on.cypress.io/request",
                "estack": "CypressError: `cy.request()` failed on:\n\nhttps://api-dev1.centurylink.com/DataServices/v1/PublicSafety/ng911/alarms1\n\nThe response we received from your web server was:\n\n  > 404: Not Found\n\nThis was considered a failure because the status code was not `2xx` or `3xx`.\n\nIf you do not want status codes to cause failures pass the option: `failOnStatusCode: false`\n\n-----------------------------------------------------------\n\nThe request we sent was:\n\nMethod: GET\nURL: https://api-dev1.centurylink.com/DataServices/v1/PublicSafety/ng911/alarms1\nHeaders: {\n  \"Connection\": \"keep-alive\",\n  \"accept\": \"application/json\",\n  \"Authorization\": \"Bearer eyJ0eXAiOiJKV1QiLCJhbGciOiJSUzI1NiIsImtpZCI6IjdmNTRkMjcxLTU5N2YtNDQ3ZS04YzJlLTRiYTY4MjU1YmMzMSJ9.eyJpc3MiOiJBUFBLRVk3NTY3NTIwMjAwMTEwMTU1OTQ5NTg2MTExMjc0IiwiZW50ZXJwcmlzZSI6Ijk0ODEiLCJqdGkiOiIxMTIxNDJkYy0wNmQzLTQ5ZTQtYTc5Yy02MzU2NzU4ZDMyYmUiLCJzdWIiOiJrb2hsc0BlbnYxLmNvbSIsInVzZXJuYW1lIjoia29obHNAZW52MS5jb20iLCJuYW1lIjoiS29obHMgS29obHMiLCJhY2Nlc3NfdHlwZSI6ImFjY2Vzc190b2tlbiIsImVudiI6ImVudjEiLCJ1aWQiOiIxMTkxNTkyMSIsInR5cGUiOiJlbnRlcnByaXNlIiwiaWF0IjoxNjAwNzc1NzIzLCJleHAiOjE2MDA3NzYwMjN9.LvnWnVr9ts3HU4esN5EWkA_Tbi9zmP3lOOimGrw2jNYPSE_49otBEaoGVYukdIaI6HiWzyMABA-bXCyOKJFgo7rlqdFyHKnOoaQXWhBzYqbwcTk0LuaVEQnS3aVns3YXEATSrc0oq1BiQwBu7i6IAGUKSvg1qzDMinDrmGb_iwRjGMlNNJbXf7WogIFKJkCVyfza_t8kpSKdKtwu9haRsmWBP-sK4wFGdyvPA5nmIxxD_Im9JfWhWoAmDI9PY9VK47Rou20-gF_Od9J1ffeRTpT9bzaEqHxLoe47S4e_hzLgEL_qBABbR0wWvxHgeod5xcbbywbUDm6yz2rj1auGVmd18Rkq7aLhPIBpUdlTV9VzSqJucX-oHahaxf-5mf2tFnvvgrRHf_hz860fk7negM8CYQhIQ80um25D9MkXrgZU9ZybdHrJ9p4hhMmj1QocreYBNT7XGtqLmobCGkPE52p1Ti194yWj5xV0GqaUAxaFvch8Z-tzFymcHPlAj4n6IoRALZ-VDTyuNRSJ1-o2L7TAuVtKZtIhFqZgrThL4YLPnhotY00wYlFC0emEa32dTiARgnrjNAV8kj0L868hSBctD7YUUXHTE-_vVWdVD_uOda1y2ea9D-3BC8dj0r9QZfEgR7s_ViucI9WyPs0AMll0j3ptyieix4uLyw_OH-g\",\n  \"user-agent\": \"Mozilla/5.0 (Windows NT 10.0; Win64; x64) AppleWebKit/537.36 (KHTML, like Gecko) Cypress/5.1.0 Chrome/83.0.4103.122 Electron/9.2.1 Safari/537.36\",\n  \"accept-encoding\": \"gzip, deflate\"\n}\n\n-----------------------------------------------------------\n\nThe response we got was:\n\nStatus: 404 - Not Found\nHeaders: {\n  \"date\": \"Tue, 22 Sep 2020 11:56:40 GMT\",\n  \"content-type\": \"application/json\",\n  \"transfer-encoding\": \"chunked\",\n  \"connection\": \"keep-alive\",\n  \"server\": \"nginx/1.17.6\",\n  \"vary\": \"Origin, Access-Control-Request-Method, Access-Control-Request-Headers\",\n  \"x-content-type-options\": \"nosniff\",\n  \"x-xss-protection\": \"1; mode=block\",\n  \"cache-control\": \"no-cache, no-store, max-age=0, must-revalidate\",\n  \"pragma\": \"no-cache\",\n  \"expires\": \"0\",\n  \"x-frame-options\": \"DENY\",\n  \"x-level3-mediation-id\": \"ME-apigeeidc16test8370176718044\",\n  \"access-control-allow-origin\": \"*\",\n  \"trackingid\": \"ed0dd936-c7d6-bf74-5919-1b51a0acf2f9\"\n}\nBody: {\n  \"timestamp\": 1600775800048,\n  \"status\": 404,\n  \"error\": \"Not Found\",\n  \"message\": \"\",\n  \"path\": \"/api/v1/alarms1\"\n}\n\n\nhttps://on.cypress.io/request\n    at https://nginx-master-po-ng911.kubeodc-test.corp.intranet/__cypress/runner/cypress_runner.js:159172:21\n    at tryCatcher (https://nginx-master-po-ng911.kubeodc-test.corp.intranet/__cypress/runner/cypress_runner.js:10325:23)\n    at Promise._settlePromiseFromHandler (https://nginx-master-po-ng911.kubeodc-test.corp.intranet/__cypress/runner/cypress_runner.js:8260:31)\n    at Promise._settlePromise (https://nginx-master-po-ng911.kubeodc-test.corp.intranet/__cypress/runner/cypress_runner.js:8317:18)\n    at Promise._settlePromise0 (https://nginx-master-po-ng911.kubeodc-test.corp.intranet/__cypress/runner/cypress_runner.js:8362:10)\n    at Promise._settlePromises (https://nginx-master-po-ng911.kubeodc-test.corp.intranet/__cypress/runner/cypress_runner.js:8442:18)\n    at _drainQueueStep (https://nginx-master-po-ng911.kubeodc-test.corp.intranet/__cypress/runner/cypress_runner.js:5032:12)\n    at _drainQueue (https://nginx-master-po-ng911.kubeodc-test.corp.intranet/__cypress/runner/cypress_runner.js:5025:9)\n    at Async.../../node_modules/bluebird/js/release/async.js.Async._drainQueues (https://nginx-master-po-ng911.kubeodc-test.corp.intranet/__cypress/runner/cypress_runner.js:5041:5)\n    at Async.drainQueues (https://nginx-master-po-ng911.kubeodc-test.corp.intranet/__cypress/runner/cypress_runner.js:4911:14)\nFrom Your Spec Code:\n    at AlarmsPage.verifyAlarmsCardDetails (https://nginx-master-po-ng911.kubeodc-test.corp.intranet/__cypress/tests?p=cypress\\integration\\sanity.feature:61:10)\n    at Context.eval (https://nginx-master-po-ng911.kubeodc-test.corp.intranet/__cypress/tests?p=cypress\\integration\\sanity.feature:613:14)\n    at Context.resolveAndRunStepDefinition (https://nginx-master-po-ng911.kubeodc-test.corp.intranet/__cypress/tests?p=cypress\\integration\\sanity.feature:11115:9)\n    at Context.eval (https://nginx-master-po-ng911.kubeodc-test.corp.intranet/__cypress/tests?p=cypress\\integration\\sanity.feature:10457:35)\nFrom Your Spec Code:\n    at AlarmsPage.verifyAlarmsCardDetails (https://nginx-master-po-ng911.kubeodc-test.corp.intranet/__cypress/tests?p=cypress\\integration\\sanity.feature:61:10)\n    at Context.eval (https://nginx-master-po-ng911.kubeodc-test.corp.intranet/__cypress/tests?p=cypress\\integration\\sanity.feature:613:14)\n    at Context.resolveAndRunStepDefinition (https://nginx-master-po-ng911.kubeodc-test.corp.intranet/__cypress/tests?p=cypress\\integration\\sanity.feature:11115:9)\n    at Context.eval (https://nginx-master-po-ng911.kubeodc-test.corp.intranet/__cypress/tests?p=cypress\\integration\\sanity.feature:10457:35)",
                "diff": null
              },
              "uuid": "66aeb90c-a060-4ea7-a0b4-d25f69c6a6b9",
              "parentUUID": "e2e3edec-bd44-4ce8-b3e9-0bf50e2b7975",
              "isHook": false,
              "skipped": false
            }
          ],
          "suites": [],
          "passes": [
            "42cb928c-8146-4268-aace-b1ec234bf8e6",
            "ad5d238a-113a-41cb-96d1-e2675e1735e1",
            "f7ceabf2-6c14-4fa4-8031-83e574b053d9",
            "98fe1f6b-d7f3-4579-85c9-0427c2d5d9e0"
          ],
          "failures": [
            "66aeb90c-a060-4ea7-a0b4-d25f69c6a6b9"
          ],
          "pending": [],
          "skipped": [],
          "duration": 77334,
          "root": false,
          "rootEmpty": false,
          "_timeout": 2000
        }
      ],
      "passes": [],
      "failures": [],
      "pending": [],
      "skipped": [],
      "duration": 0,
      "root": true,
      "rootEmpty": true,
      "_timeout": 2000
    }
  ],
  "meta": {
    "mocha": {
      "version": "7.0.1"
    },
    "mochawesome": {
      "options": {
        "quiet": false,
        "reportFilename": "mochawesome",
        "saveHtml": true,
        "saveJson": true,
        "consoleReporter": "spec",
        "useInlineDiffs": false,
        "code": true
      },
      "version": "6.1.1"
    },
    "marge": {
      "options": {
        "id": "default",
        "reportDir": "cypress/reports/mocha",
        "quite": true,
        "overwrite": false,
        "html": true,
        "json": true
      },
      "version": "5.1.0"
    }
  }
}