{
  "stats": {
    "suites": 1,
    "tests": 5,
    "passes": 4,
    "pending": 0,
    "failures": 1,
    "start": "2020-09-21T16:04:47.903Z",
    "end": "2020-09-21T16:07:26.892Z",
    "duration": 158989,
    "testsRegistered": 5,
    "passPercent": 80,
    "pendingPercent": 0,
    "other": 0,
    "hasOther": false,
    "skipped": 0,
    "hasSkipped": false
  },
  "results": [
    {
      "uuid": "5f443153-f0f3-4e66-b02f-6e9e3d10e658",
      "title": "",
      "fullFile": "cypress\\integration\\sanity.feature",
      "file": "cypress\\integration\\sanity.feature",
      "beforeHooks": [],
      "afterHooks": [],
      "tests": [],
      "suites": [
        {
          "uuid": "5c3f63d8-3187-4167-be49-1386c0e52f79",
          "title": "NG911 automation sanity",
          "fullFile": "",
          "file": "",
          "beforeHooks": [],
          "afterHooks": [],
          "tests": [
            {
              "title": "Login in NG911 app and validate home page",
              "fullTitle": "NG911 automation sanity Login in NG911 app and validate home page",
              "timedOut": null,
              "duration": 29148,
              "state": "passed",
              "speed": "slow",
              "pass": true,
              "fail": false,
              "pending": false,
              "context": null,
              "code": "const state = window.testState;\nreturn cy\n  .then(() => state.onStartScenario(scenario, indexedSteps))\n  .then(() =>\n    resolveAndRunBeforeHooks.call(this, scenario.tags, state.feature.name)\n  )\n  .then(() =>\n    indexedSteps.forEach(step =>\n      stepTest.call(this, state, step, rowData)\n    )\n  )\n  .then(() =>\n    resolveAndRunAfterHooks.call(this, scenario.tags, state.feature.name)\n  )\n  .then(() => state.onFinishScenario(scenario));",
              "err": {},
              "uuid": "2f10fe0c-fdb1-44bc-943a-9fa2511aff58",
              "parentUUID": "5c3f63d8-3187-4167-be49-1386c0e52f79",
              "isHook": false,
              "skipped": false
            },
            {
              "title": "validate PSAP page and there APIs",
              "fullTitle": "NG911 automation sanity validate PSAP page and there APIs",
              "timedOut": null,
              "duration": 19711,
              "state": "passed",
              "speed": "slow",
              "pass": true,
              "fail": false,
              "pending": false,
              "context": null,
              "code": "const state = window.testState;\nreturn cy\n  .then(() => state.onStartScenario(scenario, indexedSteps))\n  .then(() =>\n    resolveAndRunBeforeHooks.call(this, scenario.tags, state.feature.name)\n  )\n  .then(() =>\n    indexedSteps.forEach(step =>\n      stepTest.call(this, state, step, rowData)\n    )\n  )\n  .then(() =>\n    resolveAndRunAfterHooks.call(this, scenario.tags, state.feature.name)\n  )\n  .then(() => state.onFinishScenario(scenario));",
              "err": {},
              "uuid": "2cff430f-027c-46e0-a2e0-b393ac35db41",
              "parentUUID": "5c3f63d8-3187-4167-be49-1386c0e52f79",
              "isHook": false,
              "skipped": false
            },
            {
              "title": "validate NGCS page and there APIs",
              "fullTitle": "NG911 automation sanity validate NGCS page and there APIs",
              "timedOut": null,
              "duration": 74353,
              "state": "failed",
              "speed": null,
              "pass": false,
              "fail": true,
              "pending": false,
              "context": null,
              "code": "const state = window.testState;\nreturn cy\n  .then(() => state.onStartScenario(scenario, indexedSteps))\n  .then(() =>\n    resolveAndRunBeforeHooks.call(this, scenario.tags, state.feature.name)\n  )\n  .then(() =>\n    indexedSteps.forEach(step =>\n      stepTest.call(this, state, step, rowData)\n    )\n  )\n  .then(() =>\n    resolveAndRunAfterHooks.call(this, scenario.tags, state.feature.name)\n  )\n  .then(() => state.onFinishScenario(scenario));",
              "err": {
                "message": "AssertionError: Timed out retrying: Expected to find content: 'Component Status1' within the element: <a.-p--0.-pb--2> but never did.",
                "estack": "AssertionError: Timed out retrying: Expected to find content: 'Component Status1' within the element: <a.-p--0.-pb--2> but never did.\n    at NgcsPage.verifyNgcsComponentStatus (https://nginx-master-po-ng911.kubeodc-test.corp.intranet/__cypress/tests?p=cypress\\integration\\sanity.feature:286:61)\n    at Context.eval (https://nginx-master-po-ng911.kubeodc-test.corp.intranet/__cypress/tests?p=cypress\\integration\\sanity.feature:680:12)\n    at Context.resolveAndRunStepDefinition (https://nginx-master-po-ng911.kubeodc-test.corp.intranet/__cypress/tests?p=cypress\\integration\\sanity.feature:11115:9)\n    at Context.eval (https://nginx-master-po-ng911.kubeodc-test.corp.intranet/__cypress/tests?p=cypress\\integration\\sanity.feature:10457:35)",
                "diff": null
              },
              "uuid": "139e7e93-3559-4fb8-beca-7189b3460122",
              "parentUUID": "5c3f63d8-3187-4167-be49-1386c0e52f79",
              "isHook": false,
              "skipped": false
            },
            {
              "title": "validate INGRESS page and there APIs",
              "fullTitle": "NG911 automation sanity validate INGRESS page and there APIs",
              "timedOut": null,
              "duration": 11310,
              "state": "passed",
              "speed": "slow",
              "pass": true,
              "fail": false,
              "pending": false,
              "context": null,
              "code": "const state = window.testState;\nreturn cy\n  .then(() => state.onStartScenario(scenario, indexedSteps))\n  .then(() =>\n    resolveAndRunBeforeHooks.call(this, scenario.tags, state.feature.name)\n  )\n  .then(() =>\n    indexedSteps.forEach(step =>\n      stepTest.call(this, state, step, rowData)\n    )\n  )\n  .then(() =>\n    resolveAndRunAfterHooks.call(this, scenario.tags, state.feature.name)\n  )\n  .then(() => state.onFinishScenario(scenario));",
              "err": {},
              "uuid": "2b58e5db-3cc6-4aef-8b58-2574e675b64f",
              "parentUUID": "5c3f63d8-3187-4167-be49-1386c0e52f79",
              "isHook": false,
              "skipped": false
            },
            {
              "title": "validate ALARMS page and there APIs",
              "fullTitle": "NG911 automation sanity validate ALARMS page and there APIs",
              "timedOut": null,
              "duration": 15017,
              "state": "passed",
              "speed": "slow",
              "pass": true,
              "fail": false,
              "pending": false,
              "context": null,
              "code": "const state = window.testState;\nreturn cy\n  .then(() => state.onStartScenario(scenario, indexedSteps))\n  .then(() =>\n    resolveAndRunBeforeHooks.call(this, scenario.tags, state.feature.name)\n  )\n  .then(() =>\n    indexedSteps.forEach(step =>\n      stepTest.call(this, state, step, rowData)\n    )\n  )\n  .then(() =>\n    resolveAndRunAfterHooks.call(this, scenario.tags, state.feature.name)\n  )\n  .then(() => state.onFinishScenario(scenario));",
              "err": {},
              "uuid": "bbbae017-5cf8-41df-af61-ec59603821a0",
              "parentUUID": "5c3f63d8-3187-4167-be49-1386c0e52f79",
              "isHook": false,
              "skipped": false
            }
          ],
          "suites": [],
          "passes": [
            "2f10fe0c-fdb1-44bc-943a-9fa2511aff58",
            "2cff430f-027c-46e0-a2e0-b393ac35db41",
            "2b58e5db-3cc6-4aef-8b58-2574e675b64f",
            "bbbae017-5cf8-41df-af61-ec59603821a0"
          ],
          "failures": [
            "139e7e93-3559-4fb8-beca-7189b3460122"
          ],
          "pending": [],
          "skipped": [],
          "duration": 149539,
          "root": false,
          "rootEmpty": false,
          "_timeout": 2000
        }
      ],
      "passes": [],
      "failures": [],
      "pending": [],
      "skipped": [],
      "duration": 0,
      "root": true,
      "rootEmpty": true,
      "_timeout": 2000
    }
  ],
  "meta": {
    "mocha": {
      "version": "7.0.1"
    },
    "mochawesome": {
      "options": {
        "quiet": false,
        "reportFilename": "mochawesome",
        "saveHtml": true,
        "saveJson": true,
        "consoleReporter": "spec",
        "useInlineDiffs": false,
        "code": true
      },
      "version": "6.1.1"
    },
    "marge": {
      "options": {
        "id": "default",
        "reportDir": "cypress/reports/mocha",
        "quite": true,
        "overwrite": false,
        "html": true,
        "json": true
      },
      "version": "5.1.0"
    }
  }
}