{
  "stats": {
    "suites": 1,
    "tests": 5,
    "passes": 1,
    "pending": 0,
    "failures": 4,
    "start": "2020-09-22T09:32:28.707Z",
    "end": "2020-09-22T09:37:58.983Z",
    "duration": 330276,
    "testsRegistered": 5,
    "passPercent": 20,
    "pendingPercent": 0,
    "other": 0,
    "hasOther": false,
    "skipped": 0,
    "hasSkipped": false
  },
  "results": [
    {
      "uuid": "588a3174-a414-4b38-9427-45ec6bb2400d",
      "title": "",
      "fullFile": "cypress\\integration\\sanity.feature",
      "file": "cypress\\integration\\sanity.feature",
      "beforeHooks": [],
      "afterHooks": [],
      "tests": [],
      "suites": [
        {
          "uuid": "3ee6fa85-3726-4c22-b9da-26b6e08cdf05",
          "title": "NG911 automation sanity",
          "fullFile": "",
          "file": "",
          "beforeHooks": [],
          "afterHooks": [],
          "tests": [
            {
              "title": "Login in NG911 app and validate home page",
              "fullTitle": "NG911 automation sanity Login in NG911 app and validate home page",
              "timedOut": null,
              "duration": 30808,
              "state": "passed",
              "speed": "slow",
              "pass": true,
              "fail": false,
              "pending": false,
              "context": null,
              "code": "const state = window.testState;\nreturn cy\n  .then(() => state.onStartScenario(scenario, indexedSteps))\n  .then(() =>\n    resolveAndRunBeforeHooks.call(this, scenario.tags, state.feature.name)\n  )\n  .then(() =>\n    indexedSteps.forEach(step =>\n      stepTest.call(this, state, step, rowData)\n    )\n  )\n  .then(() =>\n    resolveAndRunAfterHooks.call(this, scenario.tags, state.feature.name)\n  )\n  .then(() => state.onFinishScenario(scenario));",
              "err": {},
              "uuid": "4c67d1f3-9db2-4e1b-8438-f99400985c61",
              "parentUUID": "3ee6fa85-3726-4c22-b9da-26b6e08cdf05",
              "isHook": false,
              "skipped": false
            },
            {
              "title": "validate PSAP page and there APIs",
              "fullTitle": "NG911 automation sanity validate PSAP page and there APIs",
              "timedOut": null,
              "duration": 15458,
              "state": "failed",
              "speed": null,
              "pass": false,
              "fail": true,
              "pending": false,
              "context": null,
              "code": "const state = window.testState;\nreturn cy\n  .then(() => state.onStartScenario(scenario, indexedSteps))\n  .then(() =>\n    resolveAndRunBeforeHooks.call(this, scenario.tags, state.feature.name)\n  )\n  .then(() =>\n    indexedSteps.forEach(step =>\n      stepTest.call(this, state, step, rowData)\n    )\n  )\n  .then(() =>\n    resolveAndRunAfterHooks.call(this, scenario.tags, state.feature.name)\n  )\n  .then(() => state.onFinishScenario(scenario));",
              "err": {
                "message": "CypressError: `cy.request()` failed on:\n\nhttps://api-dev1.centurylink.com/DataServices/v1/PublicSafety/ng911/psaps\n\nThe response we received from your web server was:\n\n  > 502: Bad Gateway\n\nThis was considered a failure because the status code was not `2xx` or `3xx`.\n\nIf you do not want status codes to cause failures pass the option: `failOnStatusCode: false`\n\n-----------------------------------------------------------\n\nThe request we sent was:\n\nMethod: GET\nURL: https://api-dev1.centurylink.com/DataServices/v1/PublicSafety/ng911/psaps\nHeaders: {\n  \"Connection\": \"keep-alive\",\n  \"accept\": \"application/json\",\n  \"Authorization\": \"Bearer eyJ0eXAiOiJKV1QiLCJhbGciOiJSUzI1NiIsImtpZCI6IjdmNTRkMjcxLTU5N2YtNDQ3ZS04YzJlLTRiYTY4MjU1YmMzMSJ9.eyJpc3MiOiJBUFBLRVk3NTY3NTIwMjAwMTEwMTU1OTQ5NTg2MTExMjc0IiwiZW50ZXJwcmlzZSI6Ijk0ODEiLCJqdGkiOiJhMzZlZWQxYy1jYmRkLTRmYTUtYjgyOC05M2Y5Yzg4ZjZmMmUiLCJzdWIiOiJrb2hsc0BlbnYxLmNvbSIsInVzZXJuYW1lIjoia29obHNAZW52MS5jb20iLCJuYW1lIjoiS29obHMgS29obHMiLCJhY2Nlc3NfdHlwZSI6ImFjY2Vzc190b2tlbiIsImVudiI6ImVudjEiLCJ1aWQiOiIxMTkxNTkyMSIsInR5cGUiOiJlbnRlcnByaXNlIiwiaWF0IjoxNjAwNzY3MTU4LCJleHAiOjE2MDA3Njc0NTh9.A6tqHcIRrVIJ7zv3_l6MvR2C4IyigZVg1MiZhgP3NqI_x2E7UM7bm7sP-yIcdS9Np1SsTz7DhMgpdAFX6pqvypXqm8etdwTTzxxW3djXxdAXpQwxXNjrT7Q6uVgTCwNUFVlBPl71lp6HXZUDBqR0r1-a2Y6aUlH6cmpmZA6t6PVFZ6LBua-nwoMupdDflxMQbM-pRr75FPTkoBMKFrhCRxPDu947jAenTur3_BH35SPLp-i9sgl0MD0sxhh_5DgOMIE0EKffGljLeXEV1Oxet7Hn4Nj0kjAG41nTFDlFVdBUYKv-bvu3hneCPoUvL_AqCBpfvziZWMzNCYkq4gkrR8eazzgNBGwg4tRz94evsBCJW_x5YtQ49NoA92iiRIE1ATcA8jnC1VIhnoJFT6NfAOujMkstATAPBQ1r3wxE_un6NCvUnGJjfsW-UOZUQ5oN__L_aabrMEABYfVqZYO9UHHcJzQ1wygoxk0SOKSRYyD0cdpQR_0rCP0Eo1vpOjyiIurnfBEvD1AhEdC1o4Fp9RAqhLkvMBSk7j-ha_zlwNGUsaj3P72F6ETd10pAuhJAPR-nTMNn3E9br6h7YOOZiqpX83SBZBYmbsGcsEYxl91rbVRVOelUiQloV6NXa1z_UCK3Y9s8d1xLbhyeY7gLRmZ1pcNzRw0ddhJ3axrJwTM\",\n  \"user-agent\": \"Mozilla/5.0 (Windows NT 10.0; Win64; x64) AppleWebKit/537.36 (KHTML, like Gecko) Cypress/5.1.0 Chrome/83.0.4103.122 Electron/9.2.1 Safari/537.36\",\n  \"accept-encoding\": \"gzip, deflate\"\n}\n\n-----------------------------------------------------------\n\nThe response we got was:\n\nStatus: 502 - Bad Gateway\nHeaders: {\n  \"date\": \"Tue, 22 Sep 2020 09:33:23 GMT\",\n  \"content-type\": \"text/html\",\n  \"content-length\": \"559\",\n  \"connection\": \"keep-alive\",\n  \"server\": \"nginx/1.17.6\",\n  \"x-level3-mediation-id\": \"ME-apigeeidc17test6132175680993\",\n  \"access-control-allow-origin\": \"*\",\n  \"trackingid\": \"b87deb21-0d6b-ddcb-8636-4a0b7b7afc84\"\n}\nBody: <html>\r\n<head><title>502 Bad Gateway</title></head>\r\n<body>\r\n<center><h1>502 Bad Gateway</h1></center>\r\n<hr><center>nginx/1.17.6</center>\r\n</body>\r\n</html>\r\n<!-- a padding to disable MSIE and Chrome friendly error page -->\r\n<!-- a padding to disable MSIE and Chrome friendly error page -->\r\n<!-- a padding to disable MSIE and Chrome friendly error page -->\r\n<!-- a padding to disable MSIE and Chrome friendly error page -->\r\n<!-- a padding to disable MSIE and Chrome friendly error page -->\r\n<!-- a padding to disable MSIE and Chrome friendly error page -->\r\n\nhttps://on.cypress.io/request",
                "estack": "CypressError: `cy.request()` failed on:\n\nhttps://api-dev1.centurylink.com/DataServices/v1/PublicSafety/ng911/psaps\n\nThe response we received from your web server was:\n\n  > 502: Bad Gateway\n\nThis was considered a failure because the status code was not `2xx` or `3xx`.\n\nIf you do not want status codes to cause failures pass the option: `failOnStatusCode: false`\n\n-----------------------------------------------------------\n\nThe request we sent was:\n\nMethod: GET\nURL: https://api-dev1.centurylink.com/DataServices/v1/PublicSafety/ng911/psaps\nHeaders: {\n  \"Connection\": \"keep-alive\",\n  \"accept\": \"application/json\",\n  \"Authorization\": \"Bearer eyJ0eXAiOiJKV1QiLCJhbGciOiJSUzI1NiIsImtpZCI6IjdmNTRkMjcxLTU5N2YtNDQ3ZS04YzJlLTRiYTY4MjU1YmMzMSJ9.eyJpc3MiOiJBUFBLRVk3NTY3NTIwMjAwMTEwMTU1OTQ5NTg2MTExMjc0IiwiZW50ZXJwcmlzZSI6Ijk0ODEiLCJqdGkiOiJhMzZlZWQxYy1jYmRkLTRmYTUtYjgyOC05M2Y5Yzg4ZjZmMmUiLCJzdWIiOiJrb2hsc0BlbnYxLmNvbSIsInVzZXJuYW1lIjoia29obHNAZW52MS5jb20iLCJuYW1lIjoiS29obHMgS29obHMiLCJhY2Nlc3NfdHlwZSI6ImFjY2Vzc190b2tlbiIsImVudiI6ImVudjEiLCJ1aWQiOiIxMTkxNTkyMSIsInR5cGUiOiJlbnRlcnByaXNlIiwiaWF0IjoxNjAwNzY3MTU4LCJleHAiOjE2MDA3Njc0NTh9.A6tqHcIRrVIJ7zv3_l6MvR2C4IyigZVg1MiZhgP3NqI_x2E7UM7bm7sP-yIcdS9Np1SsTz7DhMgpdAFX6pqvypXqm8etdwTTzxxW3djXxdAXpQwxXNjrT7Q6uVgTCwNUFVlBPl71lp6HXZUDBqR0r1-a2Y6aUlH6cmpmZA6t6PVFZ6LBua-nwoMupdDflxMQbM-pRr75FPTkoBMKFrhCRxPDu947jAenTur3_BH35SPLp-i9sgl0MD0sxhh_5DgOMIE0EKffGljLeXEV1Oxet7Hn4Nj0kjAG41nTFDlFVdBUYKv-bvu3hneCPoUvL_AqCBpfvziZWMzNCYkq4gkrR8eazzgNBGwg4tRz94evsBCJW_x5YtQ49NoA92iiRIE1ATcA8jnC1VIhnoJFT6NfAOujMkstATAPBQ1r3wxE_un6NCvUnGJjfsW-UOZUQ5oN__L_aabrMEABYfVqZYO9UHHcJzQ1wygoxk0SOKSRYyD0cdpQR_0rCP0Eo1vpOjyiIurnfBEvD1AhEdC1o4Fp9RAqhLkvMBSk7j-ha_zlwNGUsaj3P72F6ETd10pAuhJAPR-nTMNn3E9br6h7YOOZiqpX83SBZBYmbsGcsEYxl91rbVRVOelUiQloV6NXa1z_UCK3Y9s8d1xLbhyeY7gLRmZ1pcNzRw0ddhJ3axrJwTM\",\n  \"user-agent\": \"Mozilla/5.0 (Windows NT 10.0; Win64; x64) AppleWebKit/537.36 (KHTML, like Gecko) Cypress/5.1.0 Chrome/83.0.4103.122 Electron/9.2.1 Safari/537.36\",\n  \"accept-encoding\": \"gzip, deflate\"\n}\n\n-----------------------------------------------------------\n\nThe response we got was:\n\nStatus: 502 - Bad Gateway\nHeaders: {\n  \"date\": \"Tue, 22 Sep 2020 09:33:23 GMT\",\n  \"content-type\": \"text/html\",\n  \"content-length\": \"559\",\n  \"connection\": \"keep-alive\",\n  \"server\": \"nginx/1.17.6\",\n  \"x-level3-mediation-id\": \"ME-apigeeidc17test6132175680993\",\n  \"access-control-allow-origin\": \"*\",\n  \"trackingid\": \"b87deb21-0d6b-ddcb-8636-4a0b7b7afc84\"\n}\nBody: <html>\r\n<head><title>502 Bad Gateway</title></head>\r\n<body>\r\n<center><h1>502 Bad Gateway</h1></center>\r\n<hr><center>nginx/1.17.6</center>\r\n</body>\r\n</html>\r\n<!-- a padding to disable MSIE and Chrome friendly error page -->\r\n<!-- a padding to disable MSIE and Chrome friendly error page -->\r\n<!-- a padding to disable MSIE and Chrome friendly error page -->\r\n<!-- a padding to disable MSIE and Chrome friendly error page -->\r\n<!-- a padding to disable MSIE and Chrome friendly error page -->\r\n<!-- a padding to disable MSIE and Chrome friendly error page -->\r\n\nhttps://on.cypress.io/request\n    at https://nginx-master-po-ng911.kubeodc-test.corp.intranet/__cypress/runner/cypress_runner.js:159172:21\n    at tryCatcher (https://nginx-master-po-ng911.kubeodc-test.corp.intranet/__cypress/runner/cypress_runner.js:10325:23)\n    at Promise._settlePromiseFromHandler (https://nginx-master-po-ng911.kubeodc-test.corp.intranet/__cypress/runner/cypress_runner.js:8260:31)\n    at Promise._settlePromise (https://nginx-master-po-ng911.kubeodc-test.corp.intranet/__cypress/runner/cypress_runner.js:8317:18)\n    at Promise._settlePromise0 (https://nginx-master-po-ng911.kubeodc-test.corp.intranet/__cypress/runner/cypress_runner.js:8362:10)\n    at Promise._settlePromises (https://nginx-master-po-ng911.kubeodc-test.corp.intranet/__cypress/runner/cypress_runner.js:8442:18)\n    at _drainQueueStep (https://nginx-master-po-ng911.kubeodc-test.corp.intranet/__cypress/runner/cypress_runner.js:5032:12)\n    at _drainQueue (https://nginx-master-po-ng911.kubeodc-test.corp.intranet/__cypress/runner/cypress_runner.js:5025:9)\n    at Async.../../node_modules/bluebird/js/release/async.js.Async._drainQueues (https://nginx-master-po-ng911.kubeodc-test.corp.intranet/__cypress/runner/cypress_runner.js:5041:5)\n    at Async.drainQueues (https://nginx-master-po-ng911.kubeodc-test.corp.intranet/__cypress/runner/cypress_runner.js:4911:14)\nFrom Your Spec Code:\n    at PsapPage.verifyPsapCardDetails (https://nginx-master-po-ng911.kubeodc-test.corp.intranet/__cypress/tests?p=cypress\\integration\\sanity.feature:409:10)\n    at Context.eval (https://nginx-master-po-ng911.kubeodc-test.corp.intranet/__cypress/tests?p=cypress\\integration\\sanity.feature:718:12)\n    at Context.resolveAndRunStepDefinition (https://nginx-master-po-ng911.kubeodc-test.corp.intranet/__cypress/tests?p=cypress\\integration\\sanity.feature:11115:9)\n    at Context.eval (https://nginx-master-po-ng911.kubeodc-test.corp.intranet/__cypress/tests?p=cypress\\integration\\sanity.feature:10457:35)\nFrom Your Spec Code:\n    at PsapPage.verifyPsapCardDetails (https://nginx-master-po-ng911.kubeodc-test.corp.intranet/__cypress/tests?p=cypress\\integration\\sanity.feature:409:10)\n    at Context.eval (https://nginx-master-po-ng911.kubeodc-test.corp.intranet/__cypress/tests?p=cypress\\integration\\sanity.feature:718:12)\n    at Context.resolveAndRunStepDefinition (https://nginx-master-po-ng911.kubeodc-test.corp.intranet/__cypress/tests?p=cypress\\integration\\sanity.feature:11115:9)\n    at Context.eval (https://nginx-master-po-ng911.kubeodc-test.corp.intranet/__cypress/tests?p=cypress\\integration\\sanity.feature:10457:35)",
                "diff": null
              },
              "uuid": "055c3f3c-e339-40d7-bc2b-3e2bf70939f6",
              "parentUUID": "3ee6fa85-3726-4c22-b9da-26b6e08cdf05",
              "isHook": false,
              "skipped": false
            },
            {
              "title": "validate NGCS page and there APIs",
              "fullTitle": "NG911 automation sanity validate NGCS page and there APIs",
              "timedOut": null,
              "duration": 73279,
              "state": "failed",
              "speed": null,
              "pass": false,
              "fail": true,
              "pending": false,
              "context": null,
              "code": "const state = window.testState;\nreturn cy\n  .then(() => state.onStartScenario(scenario, indexedSteps))\n  .then(() =>\n    resolveAndRunBeforeHooks.call(this, scenario.tags, state.feature.name)\n  )\n  .then(() =>\n    indexedSteps.forEach(step =>\n      stepTest.call(this, state, step, rowData)\n    )\n  )\n  .then(() =>\n    resolveAndRunAfterHooks.call(this, scenario.tags, state.feature.name)\n  )\n  .then(() => state.onFinishScenario(scenario));",
              "err": {
                "message": "AssertionError: Timed out retrying: Expected to find element: `#core-device-tab > li.-active > a`, but never found it.",
                "estack": "AssertionError: Timed out retrying: Expected to find element: `#core-device-tab > li.-active > a`, but never found it.\n    at NgcsPage.verifyNgcsCore (https://nginx-master-po-ng911.kubeodc-test.corp.intranet/__cypress/tests?p=cypress\\integration\\sanity.feature:274:51)\n    at Context.eval (https://nginx-master-po-ng911.kubeodc-test.corp.intranet/__cypress/tests?p=cypress\\integration\\sanity.feature:677:12)\n    at Context.resolveAndRunStepDefinition (https://nginx-master-po-ng911.kubeodc-test.corp.intranet/__cypress/tests?p=cypress\\integration\\sanity.feature:11115:9)\n    at Context.eval (https://nginx-master-po-ng911.kubeodc-test.corp.intranet/__cypress/tests?p=cypress\\integration\\sanity.feature:10457:35)",
                "diff": null
              },
              "uuid": "9fab67d9-b382-4fa3-95e1-f5cb88dbd46b",
              "parentUUID": "3ee6fa85-3726-4c22-b9da-26b6e08cdf05",
              "isHook": false,
              "skipped": false
            },
            {
              "title": "validate INGRESS page and there APIs",
              "fullTitle": "NG911 automation sanity validate INGRESS page and there APIs",
              "timedOut": null,
              "duration": 128266,
              "state": "failed",
              "speed": null,
              "pass": false,
              "fail": true,
              "pending": false,
              "context": null,
              "code": "const state = window.testState;\nreturn cy\n  .then(() => state.onStartScenario(scenario, indexedSteps))\n  .then(() =>\n    resolveAndRunBeforeHooks.call(this, scenario.tags, state.feature.name)\n  )\n  .then(() =>\n    indexedSteps.forEach(step =>\n      stepTest.call(this, state, step, rowData)\n    )\n  )\n  .then(() =>\n    resolveAndRunAfterHooks.call(this, scenario.tags, state.feature.name)\n  )\n  .then(() => state.onFinishScenario(scenario));",
              "err": {
                "message": "AssertionError: Timed out retrying: Expected to find element: `#list-section > div > div > div > div > div:nth-child(2)`, but never found it.",
                "estack": "AssertionError: Timed out retrying: Expected to find element: `#list-section > div > div > div > div > div:nth-child(2)`, but never found it.\n    at IngressPage.verifyDataTablePresentIngress (https://nginx-master-po-ng911.kubeodc-test.corp.intranet/__cypress/tests?p=cypress\\integration\\sanity.feature:210:74)\n    at Context.eval (https://nginx-master-po-ng911.kubeodc-test.corp.intranet/__cypress/tests?p=cypress\\integration\\sanity.feature:648:15)\n    at Context.resolveAndRunStepDefinition (https://nginx-master-po-ng911.kubeodc-test.corp.intranet/__cypress/tests?p=cypress\\integration\\sanity.feature:11115:9)\n    at Context.eval (https://nginx-master-po-ng911.kubeodc-test.corp.intranet/__cypress/tests?p=cypress\\integration\\sanity.feature:10457:35)",
                "diff": null
              },
              "uuid": "d598fb9e-d1b5-4332-853a-f1a93ec5659e",
              "parentUUID": "3ee6fa85-3726-4c22-b9da-26b6e08cdf05",
              "isHook": false,
              "skipped": false
            },
            {
              "title": "validate ALARMS page and there APIs",
              "fullTitle": "NG911 automation sanity validate ALARMS page and there APIs",
              "timedOut": null,
              "duration": 72361,
              "state": "failed",
              "speed": null,
              "pass": false,
              "fail": true,
              "pending": false,
              "context": null,
              "code": "const state = window.testState;\nreturn cy\n  .then(() => state.onStartScenario(scenario, indexedSteps))\n  .then(() =>\n    resolveAndRunBeforeHooks.call(this, scenario.tags, state.feature.name)\n  )\n  .then(() =>\n    indexedSteps.forEach(step =>\n      stepTest.call(this, state, step, rowData)\n    )\n  )\n  .then(() =>\n    resolveAndRunAfterHooks.call(this, scenario.tags, state.feature.name)\n  )\n  .then(() => state.onFinishScenario(scenario));",
              "err": {
                "message": "AssertionError: Timed out retrying: Expected to find element: `[aria-label=\"ALARMS Card\"]`, but never found it.",
                "estack": "AssertionError: Timed out retrying: Expected to find element: `[aria-label=\"ALARMS Card\"]`, but never found it.\n    at AlarmsPage.verifyAndClickAlarmsTab (https://nginx-master-po-ng911.kubeodc-test.corp.intranet/__cypress/tests?p=cypress\\integration\\sanity.feature:24:44)\n    at Context.eval (https://nginx-master-po-ng911.kubeodc-test.corp.intranet/__cypress/tests?p=cypress\\integration\\sanity.feature:601:14)\n    at Context.resolveAndRunStepDefinition (https://nginx-master-po-ng911.kubeodc-test.corp.intranet/__cypress/tests?p=cypress\\integration\\sanity.feature:11115:9)\n    at Context.eval (https://nginx-master-po-ng911.kubeodc-test.corp.intranet/__cypress/tests?p=cypress\\integration\\sanity.feature:10457:35)",
                "diff": null
              },
              "uuid": "c75794d3-2ae0-4f81-bb4c-44ee35b0f30a",
              "parentUUID": "3ee6fa85-3726-4c22-b9da-26b6e08cdf05",
              "isHook": false,
              "skipped": false
            }
          ],
          "suites": [],
          "passes": [
            "4c67d1f3-9db2-4e1b-8438-f99400985c61"
          ],
          "failures": [
            "055c3f3c-e339-40d7-bc2b-3e2bf70939f6",
            "9fab67d9-b382-4fa3-95e1-f5cb88dbd46b",
            "d598fb9e-d1b5-4332-853a-f1a93ec5659e",
            "c75794d3-2ae0-4f81-bb4c-44ee35b0f30a"
          ],
          "pending": [],
          "skipped": [],
          "duration": 320172,
          "root": false,
          "rootEmpty": false,
          "_timeout": 2000
        }
      ],
      "passes": [],
      "failures": [],
      "pending": [],
      "skipped": [],
      "duration": 0,
      "root": true,
      "rootEmpty": true,
      "_timeout": 2000
    }
  ],
  "meta": {
    "mocha": {
      "version": "7.0.1"
    },
    "mochawesome": {
      "options": {
        "quiet": false,
        "reportFilename": "mochawesome",
        "saveHtml": true,
        "saveJson": true,
        "consoleReporter": "spec",
        "useInlineDiffs": false,
        "code": true
      },
      "version": "6.1.1"
    },
    "marge": {
      "options": {
        "id": "default",
        "reportDir": "cypress/reports/mocha",
        "quite": true,
        "overwrite": false,
        "html": true,
        "json": true
      },
      "version": "5.1.0"
    }
  }
}