{
  "stats": {
    "suites": 1,
    "tests": 5,
    "passes": 5,
    "pending": 0,
    "failures": 0,
    "start": "2020-09-21T17:11:21.387Z",
    "end": "2020-09-21T17:13:37.657Z",
    "duration": 136270,
    "testsRegistered": 5,
    "passPercent": 100,
    "pendingPercent": 0,
    "other": 0,
    "hasOther": false,
    "skipped": 0,
    "hasSkipped": false
  },
  "results": [
    {
      "uuid": "398a480b-2e6d-46fa-aab0-7cd50ff9c34f",
      "title": "",
      "fullFile": "cypress\\integration\\sanity.feature",
      "file": "cypress\\integration\\sanity.feature",
      "beforeHooks": [],
      "afterHooks": [],
      "tests": [],
      "suites": [
        {
          "uuid": "393b9b0d-9f84-4bcf-b331-548bd1fd91ee",
          "title": "NG911 automation sanity",
          "fullFile": "",
          "file": "",
          "beforeHooks": [],
          "afterHooks": [],
          "tests": [
            {
              "title": "Login in NG911 app and validate home page",
              "fullTitle": "NG911 automation sanity Login in NG911 app and validate home page",
              "timedOut": null,
              "duration": 26833,
              "state": "passed",
              "speed": "slow",
              "pass": true,
              "fail": false,
              "pending": false,
              "context": null,
              "code": "const state = window.testState;\nreturn cy\n  .then(() => state.onStartScenario(scenario, indexedSteps))\n  .then(() =>\n    resolveAndRunBeforeHooks.call(this, scenario.tags, state.feature.name)\n  )\n  .then(() =>\n    indexedSteps.forEach(step =>\n      stepTest.call(this, state, step, rowData)\n    )\n  )\n  .then(() =>\n    resolveAndRunAfterHooks.call(this, scenario.tags, state.feature.name)\n  )\n  .then(() => state.onFinishScenario(scenario));",
              "err": {},
              "uuid": "861eb1dd-3f28-49c2-aa67-b2865c998cbe",
              "parentUUID": "393b9b0d-9f84-4bcf-b331-548bd1fd91ee",
              "isHook": false,
              "skipped": false
            },
            {
              "title": "validate PSAP page and there APIs",
              "fullTitle": "NG911 automation sanity validate PSAP page and there APIs",
              "timedOut": null,
              "duration": 66642,
              "state": "passed",
              "speed": "slow",
              "pass": true,
              "fail": false,
              "pending": false,
              "context": null,
              "code": "const state = window.testState;\nreturn cy\n  .then(() => state.onStartScenario(scenario, indexedSteps))\n  .then(() =>\n    resolveAndRunBeforeHooks.call(this, scenario.tags, state.feature.name)\n  )\n  .then(() =>\n    indexedSteps.forEach(step =>\n      stepTest.call(this, state, step, rowData)\n    )\n  )\n  .then(() =>\n    resolveAndRunAfterHooks.call(this, scenario.tags, state.feature.name)\n  )\n  .then(() => state.onFinishScenario(scenario));",
              "err": {},
              "uuid": "febf0372-02bd-4925-a122-1f9a4f96587c",
              "parentUUID": "393b9b0d-9f84-4bcf-b331-548bd1fd91ee",
              "isHook": false,
              "skipped": false
            },
            {
              "title": "validate NGCS page and there APIs",
              "fullTitle": "NG911 automation sanity validate NGCS page and there APIs",
              "timedOut": null,
              "duration": 11211,
              "state": "passed",
              "speed": "slow",
              "pass": true,
              "fail": false,
              "pending": false,
              "context": null,
              "code": "const state = window.testState;\nreturn cy\n  .then(() => state.onStartScenario(scenario, indexedSteps))\n  .then(() =>\n    resolveAndRunBeforeHooks.call(this, scenario.tags, state.feature.name)\n  )\n  .then(() =>\n    indexedSteps.forEach(step =>\n      stepTest.call(this, state, step, rowData)\n    )\n  )\n  .then(() =>\n    resolveAndRunAfterHooks.call(this, scenario.tags, state.feature.name)\n  )\n  .then(() => state.onFinishScenario(scenario));",
              "err": {},
              "uuid": "77dcb43c-a766-438a-9aa4-6c9eae9b4aac",
              "parentUUID": "393b9b0d-9f84-4bcf-b331-548bd1fd91ee",
              "isHook": false,
              "skipped": false
            },
            {
              "title": "validate INGRESS page and there APIs",
              "fullTitle": "NG911 automation sanity validate INGRESS page and there APIs",
              "timedOut": null,
              "duration": 10780,
              "state": "passed",
              "speed": "slow",
              "pass": true,
              "fail": false,
              "pending": false,
              "context": null,
              "code": "const state = window.testState;\nreturn cy\n  .then(() => state.onStartScenario(scenario, indexedSteps))\n  .then(() =>\n    resolveAndRunBeforeHooks.call(this, scenario.tags, state.feature.name)\n  )\n  .then(() =>\n    indexedSteps.forEach(step =>\n      stepTest.call(this, state, step, rowData)\n    )\n  )\n  .then(() =>\n    resolveAndRunAfterHooks.call(this, scenario.tags, state.feature.name)\n  )\n  .then(() => state.onFinishScenario(scenario));",
              "err": {},
              "uuid": "4abfe559-d6d8-452e-995f-e7b9fe8f8e88",
              "parentUUID": "393b9b0d-9f84-4bcf-b331-548bd1fd91ee",
              "isHook": false,
              "skipped": false
            },
            {
              "title": "validate ALARMS page and there APIs",
              "fullTitle": "NG911 automation sanity validate ALARMS page and there APIs",
              "timedOut": null,
              "duration": 10544,
              "state": "passed",
              "speed": "slow",
              "pass": true,
              "fail": false,
              "pending": false,
              "context": null,
              "code": "const state = window.testState;\nreturn cy\n  .then(() => state.onStartScenario(scenario, indexedSteps))\n  .then(() =>\n    resolveAndRunBeforeHooks.call(this, scenario.tags, state.feature.name)\n  )\n  .then(() =>\n    indexedSteps.forEach(step =>\n      stepTest.call(this, state, step, rowData)\n    )\n  )\n  .then(() =>\n    resolveAndRunAfterHooks.call(this, scenario.tags, state.feature.name)\n  )\n  .then(() => state.onFinishScenario(scenario));",
              "err": {},
              "uuid": "4081b1ca-890e-4be5-89e4-181efe02b6c0",
              "parentUUID": "393b9b0d-9f84-4bcf-b331-548bd1fd91ee",
              "isHook": false,
              "skipped": false
            }
          ],
          "suites": [],
          "passes": [
            "861eb1dd-3f28-49c2-aa67-b2865c998cbe",
            "febf0372-02bd-4925-a122-1f9a4f96587c",
            "77dcb43c-a766-438a-9aa4-6c9eae9b4aac",
            "4abfe559-d6d8-452e-995f-e7b9fe8f8e88",
            "4081b1ca-890e-4be5-89e4-181efe02b6c0"
          ],
          "failures": [],
          "pending": [],
          "skipped": [],
          "duration": 126010,
          "root": false,
          "rootEmpty": false,
          "_timeout": 2000
        }
      ],
      "passes": [],
      "failures": [],
      "pending": [],
      "skipped": [],
      "duration": 0,
      "root": true,
      "rootEmpty": true,
      "_timeout": 2000
    }
  ],
  "meta": {
    "mocha": {
      "version": "7.0.1"
    },
    "mochawesome": {
      "options": {
        "quiet": false,
        "reportFilename": "mochawesome",
        "saveHtml": true,
        "saveJson": true,
        "consoleReporter": "spec",
        "useInlineDiffs": false,
        "code": true
      },
      "version": "6.1.1"
    },
    "marge": {
      "options": {
        "id": "default",
        "reportDir": "cypress/reports/mocha",
        "quite": true,
        "overwrite": false,
        "html": true,
        "json": true
      },
      "version": "5.1.0"
    }
  }
}