{
  "stats": {
    "suites": 1,
    "tests": 5,
    "passes": 4,
    "pending": 0,
    "failures": 1,
    "start": "2020-09-22T10:26:50.708Z",
    "end": "2020-09-22T10:28:32.980Z",
    "duration": 102272,
    "testsRegistered": 5,
    "passPercent": 80,
    "pendingPercent": 0,
    "other": 0,
    "hasOther": false,
    "skipped": 0,
    "hasSkipped": false
  },
  "results": [
    {
      "uuid": "ebd35ef9-4dc8-4b08-ba9d-26b0c21de169",
      "title": "",
      "fullFile": "cypress\\integration\\sanity.feature",
      "file": "cypress\\integration\\sanity.feature",
      "beforeHooks": [],
      "afterHooks": [],
      "tests": [],
      "suites": [
        {
          "uuid": "de7f5edd-3980-4c7a-8dac-4941fbc687e2",
          "title": "NG911 automation sanity",
          "fullFile": "",
          "file": "",
          "beforeHooks": [],
          "afterHooks": [],
          "tests": [
            {
              "title": "Login in NG911 app and validate home page",
              "fullTitle": "NG911 automation sanity Login in NG911 app and validate home page",
              "timedOut": null,
              "duration": 28701,
              "state": "passed",
              "speed": "slow",
              "pass": true,
              "fail": false,
              "pending": false,
              "context": null,
              "code": "const state = window.testState;\nreturn cy\n  .then(() => state.onStartScenario(scenario, indexedSteps))\n  .then(() =>\n    resolveAndRunBeforeHooks.call(this, scenario.tags, state.feature.name)\n  )\n  .then(() =>\n    indexedSteps.forEach(step =>\n      stepTest.call(this, state, step, rowData)\n    )\n  )\n  .then(() =>\n    resolveAndRunAfterHooks.call(this, scenario.tags, state.feature.name)\n  )\n  .then(() => state.onFinishScenario(scenario));",
              "err": {},
              "uuid": "846da4ee-13e4-4493-9cef-22d8997229aa",
              "parentUUID": "de7f5edd-3980-4c7a-8dac-4941fbc687e2",
              "isHook": false,
              "skipped": false
            },
            {
              "title": "validate PSAP page and there APIs",
              "fullTitle": "NG911 automation sanity validate PSAP page and there APIs",
              "timedOut": null,
              "duration": 27051,
              "state": "passed",
              "speed": "slow",
              "pass": true,
              "fail": false,
              "pending": false,
              "context": null,
              "code": "const state = window.testState;\nreturn cy\n  .then(() => state.onStartScenario(scenario, indexedSteps))\n  .then(() =>\n    resolveAndRunBeforeHooks.call(this, scenario.tags, state.feature.name)\n  )\n  .then(() =>\n    indexedSteps.forEach(step =>\n      stepTest.call(this, state, step, rowData)\n    )\n  )\n  .then(() =>\n    resolveAndRunAfterHooks.call(this, scenario.tags, state.feature.name)\n  )\n  .then(() => state.onFinishScenario(scenario));",
              "err": {},
              "uuid": "9a1d87ca-94db-45b9-b4da-71877ef9c2fa",
              "parentUUID": "de7f5edd-3980-4c7a-8dac-4941fbc687e2",
              "isHook": false,
              "skipped": false
            },
            {
              "title": "validate NGCS page and there APIs",
              "fullTitle": "NG911 automation sanity validate NGCS page and there APIs",
              "timedOut": null,
              "duration": 9728,
              "state": "passed",
              "speed": "slow",
              "pass": true,
              "fail": false,
              "pending": false,
              "context": null,
              "code": "const state = window.testState;\nreturn cy\n  .then(() => state.onStartScenario(scenario, indexedSteps))\n  .then(() =>\n    resolveAndRunBeforeHooks.call(this, scenario.tags, state.feature.name)\n  )\n  .then(() =>\n    indexedSteps.forEach(step =>\n      stepTest.call(this, state, step, rowData)\n    )\n  )\n  .then(() =>\n    resolveAndRunAfterHooks.call(this, scenario.tags, state.feature.name)\n  )\n  .then(() => state.onFinishScenario(scenario));",
              "err": {},
              "uuid": "83e9e316-8653-47e6-a1eb-98253537d7ac",
              "parentUUID": "de7f5edd-3980-4c7a-8dac-4941fbc687e2",
              "isHook": false,
              "skipped": false
            },
            {
              "title": "validate INGRESS page and there APIs",
              "fullTitle": "NG911 automation sanity validate INGRESS page and there APIs",
              "timedOut": null,
              "duration": 10875,
              "state": "passed",
              "speed": "slow",
              "pass": true,
              "fail": false,
              "pending": false,
              "context": null,
              "code": "const state = window.testState;\nreturn cy\n  .then(() => state.onStartScenario(scenario, indexedSteps))\n  .then(() =>\n    resolveAndRunBeforeHooks.call(this, scenario.tags, state.feature.name)\n  )\n  .then(() =>\n    indexedSteps.forEach(step =>\n      stepTest.call(this, state, step, rowData)\n    )\n  )\n  .then(() =>\n    resolveAndRunAfterHooks.call(this, scenario.tags, state.feature.name)\n  )\n  .then(() => state.onFinishScenario(scenario));",
              "err": {},
              "uuid": "685d0e9e-47c0-46f8-861d-6b025e38bb8c",
              "parentUUID": "de7f5edd-3980-4c7a-8dac-4941fbc687e2",
              "isHook": false,
              "skipped": false
            },
            {
              "title": "validate ALARMS page and there APIs",
              "fullTitle": "NG911 automation sanity validate ALARMS page and there APIs",
              "timedOut": null,
              "duration": 13584,
              "state": "failed",
              "speed": null,
              "pass": false,
              "fail": true,
              "pending": false,
              "context": null,
              "code": "const state = window.testState;\nreturn cy\n  .then(() => state.onStartScenario(scenario, indexedSteps))\n  .then(() =>\n    resolveAndRunBeforeHooks.call(this, scenario.tags, state.feature.name)\n  )\n  .then(() =>\n    indexedSteps.forEach(step =>\n      stepTest.call(this, state, step, rowData)\n    )\n  )\n  .then(() =>\n    resolveAndRunAfterHooks.call(this, scenario.tags, state.feature.name)\n  )\n  .then(() => state.onFinishScenario(scenario));",
              "err": {
                "message": "CypressError: `cy.request()` failed on:\n\nhttps://api-dev1.centurylink.com/DataServices/v1/PublicSafety/ng911/alarms1\n\nThe response we received from your web server was:\n\n  > 404: Not Found\n\nThis was considered a failure because the status code was not `2xx` or `3xx`.\n\nIf you do not want status codes to cause failures pass the option: `failOnStatusCode: false`\n\n-----------------------------------------------------------\n\nThe request we sent was:\n\nMethod: GET\nURL: https://api-dev1.centurylink.com/DataServices/v1/PublicSafety/ng911/alarms1\nHeaders: {\n  \"Connection\": \"keep-alive\",\n  \"accept\": \"application/json\",\n  \"Authorization\": \"Bearer eyJ0eXAiOiJKV1QiLCJhbGciOiJSUzI1NiIsImtpZCI6IjdmNTRkMjcxLTU5N2YtNDQ3ZS04YzJlLTRiYTY4MjU1YmMzMSJ9.eyJpc3MiOiJBUFBLRVk3NTY3NTIwMjAwMTEwMTU1OTQ5NTg2MTExMjc0IiwiZW50ZXJwcmlzZSI6Ijk0ODEiLCJqdGkiOiI2ZjIxOWQyMy05MjkwLTQzOTYtYmYzOS0yNjYyYzE5MzBlMWQiLCJzdWIiOiJrb2hsc0BlbnYxLmNvbSIsInVzZXJuYW1lIjoia29obHNAZW52MS5jb20iLCJuYW1lIjoiS29obHMgS29obHMiLCJhY2Nlc3NfdHlwZSI6ImFjY2Vzc190b2tlbiIsImVudiI6ImVudjEiLCJ1aWQiOiIxMTkxNTkyMSIsInR5cGUiOiJlbnRlcnByaXNlIiwiaWF0IjoxNjAwNzcwNDIyLCJleHAiOjE2MDA3NzA3MjJ9.h8NQLnFT6VD4dbDUsDfQ04_q1nkZ8JarUBiPv28szAuEkdUBcFIvYyh_gHO5NwMDZ3Lnu7MxQM19GKmYL0ObftjJU1N5ylf79SKGcSZB_ILlJqcT8M8YyGXXlP3_0DzFRyHbDHXtd2MGI6aBgF2YQ0guh-J-DoUJ1kvxoYnN1qEjwCf-yo2LzDDmFC6BYihiYKJyY2lh9PJdJQVarFueJs7mljol6rcyiO3EC9lR3HuaIt36rJVltJ5vXLR44S7vIBQScZ1BFAPTnzrYRpeZlCUKb57V6A9-8CyuPriI81Em5vZCBtyPayO5PkOMAxGCQqxeHH-gqWh61V0_rLj-WGi5URu0hyZLdgJwrMS-8-3vhBWFSB1nrV3DCeD1LrHrGppHLjHlL7Ovu6XcZprnWEgzcq5TT1fccwCjzR9CTAWBnG89MKWS71ecKmpPyyTIllgL7qB0cAyXiVmYuSQdCTUYSL7GYT_Kysvo0vP1M3On9DY4Ucv3OmVac9ZK4e5IqX19F7C2TCuqN8ea1_ah2cEWauwhVCfk7ZECby2NuOrwqaqZWm085u0R0xFDoV-AhFt_VUAvd3GFLVrDA3QO3f74Oh_ywpYO6zqNKMVUAEj6TomBtUngw_1TEq5DInxGokLWmjHWLNnCMaCRH6gpfOc0f6Zjg1aWkcaA5d3xgDA\",\n  \"user-agent\": \"Mozilla/5.0 (Windows NT 10.0; Win64; x64) AppleWebKit/537.36 (KHTML, like Gecko) Cypress/5.1.0 Chrome/83.0.4103.122 Electron/9.2.1 Safari/537.36\",\n  \"accept-encoding\": \"gzip, deflate\"\n}\n\n-----------------------------------------------------------\n\nThe response we got was:\n\nStatus: 404 - Not Found\nHeaders: {\n  \"date\": \"Tue, 22 Sep 2020 10:28:31 GMT\",\n  \"content-type\": \"application/json\",\n  \"transfer-encoding\": \"chunked\",\n  \"connection\": \"keep-alive\",\n  \"server\": \"nginx/1.17.6\",\n  \"vary\": \"Origin, Access-Control-Request-Method, Access-Control-Request-Headers\",\n  \"x-content-type-options\": \"nosniff\",\n  \"x-xss-protection\": \"1; mode=block\",\n  \"cache-control\": \"no-cache, no-store, max-age=0, must-revalidate\",\n  \"pragma\": \"no-cache\",\n  \"expires\": \"0\",\n  \"x-frame-options\": \"DENY\",\n  \"x-level3-mediation-id\": \"ME-apigeeidc17test6129175982482\",\n  \"access-control-allow-origin\": \"*\",\n  \"trackingid\": \"75a378fc-f74e-50e8-d19b-a52bd82c3fb4\"\n}\nBody: {\n  \"timestamp\": 1600770511402,\n  \"status\": 404,\n  \"error\": \"Not Found\",\n  \"message\": \"\",\n  \"path\": \"/api/v1/alarms1\"\n}\n\n\nhttps://on.cypress.io/request",
                "estack": "CypressError: `cy.request()` failed on:\n\nhttps://api-dev1.centurylink.com/DataServices/v1/PublicSafety/ng911/alarms1\n\nThe response we received from your web server was:\n\n  > 404: Not Found\n\nThis was considered a failure because the status code was not `2xx` or `3xx`.\n\nIf you do not want status codes to cause failures pass the option: `failOnStatusCode: false`\n\n-----------------------------------------------------------\n\nThe request we sent was:\n\nMethod: GET\nURL: https://api-dev1.centurylink.com/DataServices/v1/PublicSafety/ng911/alarms1\nHeaders: {\n  \"Connection\": \"keep-alive\",\n  \"accept\": \"application/json\",\n  \"Authorization\": \"Bearer eyJ0eXAiOiJKV1QiLCJhbGciOiJSUzI1NiIsImtpZCI6IjdmNTRkMjcxLTU5N2YtNDQ3ZS04YzJlLTRiYTY4MjU1YmMzMSJ9.eyJpc3MiOiJBUFBLRVk3NTY3NTIwMjAwMTEwMTU1OTQ5NTg2MTExMjc0IiwiZW50ZXJwcmlzZSI6Ijk0ODEiLCJqdGkiOiI2ZjIxOWQyMy05MjkwLTQzOTYtYmYzOS0yNjYyYzE5MzBlMWQiLCJzdWIiOiJrb2hsc0BlbnYxLmNvbSIsInVzZXJuYW1lIjoia29obHNAZW52MS5jb20iLCJuYW1lIjoiS29obHMgS29obHMiLCJhY2Nlc3NfdHlwZSI6ImFjY2Vzc190b2tlbiIsImVudiI6ImVudjEiLCJ1aWQiOiIxMTkxNTkyMSIsInR5cGUiOiJlbnRlcnByaXNlIiwiaWF0IjoxNjAwNzcwNDIyLCJleHAiOjE2MDA3NzA3MjJ9.h8NQLnFT6VD4dbDUsDfQ04_q1nkZ8JarUBiPv28szAuEkdUBcFIvYyh_gHO5NwMDZ3Lnu7MxQM19GKmYL0ObftjJU1N5ylf79SKGcSZB_ILlJqcT8M8YyGXXlP3_0DzFRyHbDHXtd2MGI6aBgF2YQ0guh-J-DoUJ1kvxoYnN1qEjwCf-yo2LzDDmFC6BYihiYKJyY2lh9PJdJQVarFueJs7mljol6rcyiO3EC9lR3HuaIt36rJVltJ5vXLR44S7vIBQScZ1BFAPTnzrYRpeZlCUKb57V6A9-8CyuPriI81Em5vZCBtyPayO5PkOMAxGCQqxeHH-gqWh61V0_rLj-WGi5URu0hyZLdgJwrMS-8-3vhBWFSB1nrV3DCeD1LrHrGppHLjHlL7Ovu6XcZprnWEgzcq5TT1fccwCjzR9CTAWBnG89MKWS71ecKmpPyyTIllgL7qB0cAyXiVmYuSQdCTUYSL7GYT_Kysvo0vP1M3On9DY4Ucv3OmVac9ZK4e5IqX19F7C2TCuqN8ea1_ah2cEWauwhVCfk7ZECby2NuOrwqaqZWm085u0R0xFDoV-AhFt_VUAvd3GFLVrDA3QO3f74Oh_ywpYO6zqNKMVUAEj6TomBtUngw_1TEq5DInxGokLWmjHWLNnCMaCRH6gpfOc0f6Zjg1aWkcaA5d3xgDA\",\n  \"user-agent\": \"Mozilla/5.0 (Windows NT 10.0; Win64; x64) AppleWebKit/537.36 (KHTML, like Gecko) Cypress/5.1.0 Chrome/83.0.4103.122 Electron/9.2.1 Safari/537.36\",\n  \"accept-encoding\": \"gzip, deflate\"\n}\n\n-----------------------------------------------------------\n\nThe response we got was:\n\nStatus: 404 - Not Found\nHeaders: {\n  \"date\": \"Tue, 22 Sep 2020 10:28:31 GMT\",\n  \"content-type\": \"application/json\",\n  \"transfer-encoding\": \"chunked\",\n  \"connection\": \"keep-alive\",\n  \"server\": \"nginx/1.17.6\",\n  \"vary\": \"Origin, Access-Control-Request-Method, Access-Control-Request-Headers\",\n  \"x-content-type-options\": \"nosniff\",\n  \"x-xss-protection\": \"1; mode=block\",\n  \"cache-control\": \"no-cache, no-store, max-age=0, must-revalidate\",\n  \"pragma\": \"no-cache\",\n  \"expires\": \"0\",\n  \"x-frame-options\": \"DENY\",\n  \"x-level3-mediation-id\": \"ME-apigeeidc17test6129175982482\",\n  \"access-control-allow-origin\": \"*\",\n  \"trackingid\": \"75a378fc-f74e-50e8-d19b-a52bd82c3fb4\"\n}\nBody: {\n  \"timestamp\": 1600770511402,\n  \"status\": 404,\n  \"error\": \"Not Found\",\n  \"message\": \"\",\n  \"path\": \"/api/v1/alarms1\"\n}\n\n\nhttps://on.cypress.io/request\n    at https://nginx-master-po-ng911.kubeodc-test.corp.intranet/__cypress/runner/cypress_runner.js:159172:21\n    at tryCatcher (https://nginx-master-po-ng911.kubeodc-test.corp.intranet/__cypress/runner/cypress_runner.js:10325:23)\n    at Promise._settlePromiseFromHandler (https://nginx-master-po-ng911.kubeodc-test.corp.intranet/__cypress/runner/cypress_runner.js:8260:31)\n    at Promise._settlePromise (https://nginx-master-po-ng911.kubeodc-test.corp.intranet/__cypress/runner/cypress_runner.js:8317:18)\n    at Promise._settlePromise0 (https://nginx-master-po-ng911.kubeodc-test.corp.intranet/__cypress/runner/cypress_runner.js:8362:10)\n    at Promise._settlePromises (https://nginx-master-po-ng911.kubeodc-test.corp.intranet/__cypress/runner/cypress_runner.js:8442:18)\n    at _drainQueueStep (https://nginx-master-po-ng911.kubeodc-test.corp.intranet/__cypress/runner/cypress_runner.js:5032:12)\n    at _drainQueue (https://nginx-master-po-ng911.kubeodc-test.corp.intranet/__cypress/runner/cypress_runner.js:5025:9)\n    at Async.../../node_modules/bluebird/js/release/async.js.Async._drainQueues (https://nginx-master-po-ng911.kubeodc-test.corp.intranet/__cypress/runner/cypress_runner.js:5041:5)\n    at Async.drainQueues (https://nginx-master-po-ng911.kubeodc-test.corp.intranet/__cypress/runner/cypress_runner.js:4911:14)\nFrom Your Spec Code:\n    at AlarmsPage.verifyTableHeaderWithApi (https://nginx-master-po-ng911.kubeodc-test.corp.intranet/__cypress/tests?p=cypress\\integration\\sanity.feature:37:10)\n    at Context.eval (https://nginx-master-po-ng911.kubeodc-test.corp.intranet/__cypress/tests?p=cypress\\integration\\sanity.feature:608:14)\n    at Context.resolveAndRunStepDefinition (https://nginx-master-po-ng911.kubeodc-test.corp.intranet/__cypress/tests?p=cypress\\integration\\sanity.feature:11115:9)\n    at Context.eval (https://nginx-master-po-ng911.kubeodc-test.corp.intranet/__cypress/tests?p=cypress\\integration\\sanity.feature:10457:35)\nFrom Your Spec Code:\n    at AlarmsPage.verifyTableHeaderWithApi (https://nginx-master-po-ng911.kubeodc-test.corp.intranet/__cypress/tests?p=cypress\\integration\\sanity.feature:37:10)\n    at Context.eval (https://nginx-master-po-ng911.kubeodc-test.corp.intranet/__cypress/tests?p=cypress\\integration\\sanity.feature:608:14)\n    at Context.resolveAndRunStepDefinition (https://nginx-master-po-ng911.kubeodc-test.corp.intranet/__cypress/tests?p=cypress\\integration\\sanity.feature:11115:9)\n    at Context.eval (https://nginx-master-po-ng911.kubeodc-test.corp.intranet/__cypress/tests?p=cypress\\integration\\sanity.feature:10457:35)",
                "diff": null
              },
              "uuid": "80863321-5b79-4410-8a66-e2d657f4a930",
              "parentUUID": "de7f5edd-3980-4c7a-8dac-4941fbc687e2",
              "isHook": false,
              "skipped": false
            }
          ],
          "suites": [],
          "passes": [
            "846da4ee-13e4-4493-9cef-22d8997229aa",
            "9a1d87ca-94db-45b9-b4da-71877ef9c2fa",
            "83e9e316-8653-47e6-a1eb-98253537d7ac",
            "685d0e9e-47c0-46f8-861d-6b025e38bb8c"
          ],
          "failures": [
            "80863321-5b79-4410-8a66-e2d657f4a930"
          ],
          "pending": [],
          "skipped": [],
          "duration": 89939,
          "root": false,
          "rootEmpty": false,
          "_timeout": 2000
        }
      ],
      "passes": [],
      "failures": [],
      "pending": [],
      "skipped": [],
      "duration": 0,
      "root": true,
      "rootEmpty": true,
      "_timeout": 2000
    }
  ],
  "meta": {
    "mocha": {
      "version": "7.0.1"
    },
    "mochawesome": {
      "options": {
        "quiet": false,
        "reportFilename": "mochawesome",
        "saveHtml": true,
        "saveJson": true,
        "consoleReporter": "spec",
        "useInlineDiffs": false,
        "code": true
      },
      "version": "6.1.1"
    },
    "marge": {
      "options": {
        "id": "default",
        "reportDir": "cypress/reports/mocha",
        "quite": true,
        "overwrite": false,
        "html": true,
        "json": true
      },
      "version": "5.1.0"
    }
  }
}