{
  "stats": {
    "suites": 1,
    "tests": 5,
    "passes": 3,
    "pending": 0,
    "failures": 2,
    "start": "2020-09-22T12:43:28.158Z",
    "end": "2020-09-22T12:45:23.812Z",
    "duration": 115654,
    "testsRegistered": 5,
    "passPercent": 60,
    "pendingPercent": 0,
    "other": 0,
    "hasOther": false,
    "skipped": 0,
    "hasSkipped": false
  },
  "results": [
    {
      "uuid": "3be2f184-9c24-4b65-94a7-f94f22aab71d",
      "title": "",
      "fullFile": "cypress\\integration\\sanity.feature",
      "file": "cypress\\integration\\sanity.feature",
      "beforeHooks": [],
      "afterHooks": [],
      "tests": [],
      "suites": [
        {
          "uuid": "f34016b1-70a5-454c-912e-6eb30d57e61d",
          "title": "NG911 automation sanity",
          "fullFile": "",
          "file": "",
          "beforeHooks": [],
          "afterHooks": [],
          "tests": [
            {
              "title": "Login in NG911 app and validate home page",
              "fullTitle": "NG911 automation sanity Login in NG911 app and validate home page",
              "timedOut": null,
              "duration": 27220,
              "state": "passed",
              "speed": "slow",
              "pass": true,
              "fail": false,
              "pending": false,
              "context": null,
              "code": "const state = window.testState;\nreturn cy\n  .then(() => state.onStartScenario(scenario, indexedSteps))\n  .then(() =>\n    resolveAndRunBeforeHooks.call(this, scenario.tags, state.feature.name)\n  )\n  .then(() =>\n    indexedSteps.forEach(step =>\n      stepTest.call(this, state, step, rowData)\n    )\n  )\n  .then(() =>\n    resolveAndRunAfterHooks.call(this, scenario.tags, state.feature.name)\n  )\n  .then(() => state.onFinishScenario(scenario));",
              "err": {},
              "uuid": "9465f7a2-a743-4418-981a-ebc82c7c14ca",
              "parentUUID": "f34016b1-70a5-454c-912e-6eb30d57e61d",
              "isHook": false,
              "skipped": false
            },
            {
              "title": "validate PSAP page and there APIs",
              "fullTitle": "NG911 automation sanity validate PSAP page and there APIs",
              "timedOut": null,
              "duration": 48231,
              "state": "failed",
              "speed": null,
              "pass": false,
              "fail": true,
              "pending": false,
              "context": null,
              "code": "const state = window.testState;\nreturn cy\n  .then(() => state.onStartScenario(scenario, indexedSteps))\n  .then(() =>\n    resolveAndRunBeforeHooks.call(this, scenario.tags, state.feature.name)\n  )\n  .then(() =>\n    indexedSteps.forEach(step =>\n      stepTest.call(this, state, step, rowData)\n    )\n  )\n  .then(() =>\n    resolveAndRunAfterHooks.call(this, scenario.tags, state.feature.name)\n  )\n  .then(() => state.onFinishScenario(scenario));",
              "err": {
                "message": "CypressError: `cy.request()` timed out waiting `30000ms` for a response from your server.\n\nThe request we sent was:\n\nMethod: GET\nURL: https://api-dev1.centurylink.com/DataServices/v1/PublicSafety/ng911/psaps\n\nNo response was received within the timeout.\n\nhttps://on.cypress.io/request",
                "estack": "CypressError: `cy.request()` timed out waiting `30000ms` for a response from your server.\n\nThe request we sent was:\n\nMethod: GET\nURL: https://api-dev1.centurylink.com/DataServices/v1/PublicSafety/ng911/psaps\n\nNo response was received within the timeout.\n\nhttps://on.cypress.io/request\n    at https://nginx-master-po-ng911.kubeodc-test.corp.intranet/__cypress/runner/cypress_runner.js:159190:19\n    at tryCatcher (https://nginx-master-po-ng911.kubeodc-test.corp.intranet/__cypress/runner/cypress_runner.js:10325:23)\n    at https://nginx-master-po-ng911.kubeodc-test.corp.intranet/__cypress/runner/cypress_runner.js:5447:41\n    at tryCatcher (https://nginx-master-po-ng911.kubeodc-test.corp.intranet/__cypress/runner/cypress_runner.js:10325:23)\n    at Promise._settlePromiseFromHandler (https://nginx-master-po-ng911.kubeodc-test.corp.intranet/__cypress/runner/cypress_runner.js:8260:31)\n    at Promise._settlePromise (https://nginx-master-po-ng911.kubeodc-test.corp.intranet/__cypress/runner/cypress_runner.js:8317:18)\n    at Promise._settlePromise0 (https://nginx-master-po-ng911.kubeodc-test.corp.intranet/__cypress/runner/cypress_runner.js:8362:10)\n    at Promise._settlePromises (https://nginx-master-po-ng911.kubeodc-test.corp.intranet/__cypress/runner/cypress_runner.js:8438:18)\n    at _drainQueueStep (https://nginx-master-po-ng911.kubeodc-test.corp.intranet/__cypress/runner/cypress_runner.js:5032:12)\n    at _drainQueue (https://nginx-master-po-ng911.kubeodc-test.corp.intranet/__cypress/runner/cypress_runner.js:5025:9)\n    at Async.../../node_modules/bluebird/js/release/async.js.Async._drainQueues (https://nginx-master-po-ng911.kubeodc-test.corp.intranet/__cypress/runner/cypress_runner.js:5041:5)\n    at Async.drainQueues (https://nginx-master-po-ng911.kubeodc-test.corp.intranet/__cypress/runner/cypress_runner.js:4911:14)\nFrom Your Spec Code:\n    at Context.eval (https://nginx-master-po-ng911.kubeodc-test.corp.intranet/__cypress/tests?p=cypress\\integration\\sanity.feature:422:9)\nFrom Your Spec Code:\n    at Context.eval (https://nginx-master-po-ng911.kubeodc-test.corp.intranet/__cypress/tests?p=cypress\\integration\\sanity.feature:422:9)",
                "diff": null
              },
              "uuid": "b90d8135-fec0-42a9-9a5a-5f326ddcb683",
              "parentUUID": "f34016b1-70a5-454c-912e-6eb30d57e61d",
              "isHook": false,
              "skipped": false
            },
            {
              "title": "validate NGCS page and there APIs",
              "fullTitle": "NG911 automation sanity validate NGCS page and there APIs",
              "timedOut": null,
              "duration": 11117,
              "state": "passed",
              "speed": "slow",
              "pass": true,
              "fail": false,
              "pending": false,
              "context": null,
              "code": "const state = window.testState;\nreturn cy\n  .then(() => state.onStartScenario(scenario, indexedSteps))\n  .then(() =>\n    resolveAndRunBeforeHooks.call(this, scenario.tags, state.feature.name)\n  )\n  .then(() =>\n    indexedSteps.forEach(step =>\n      stepTest.call(this, state, step, rowData)\n    )\n  )\n  .then(() =>\n    resolveAndRunAfterHooks.call(this, scenario.tags, state.feature.name)\n  )\n  .then(() => state.onFinishScenario(scenario));",
              "err": {},
              "uuid": "8ebf41c7-cb65-42b6-be44-a3299d9272fb",
              "parentUUID": "f34016b1-70a5-454c-912e-6eb30d57e61d",
              "isHook": false,
              "skipped": false
            },
            {
              "title": "validate INGRESS page and there APIs",
              "fullTitle": "NG911 automation sanity validate INGRESS page and there APIs",
              "timedOut": null,
              "duration": 11128,
              "state": "passed",
              "speed": "slow",
              "pass": true,
              "fail": false,
              "pending": false,
              "context": null,
              "code": "const state = window.testState;\nreturn cy\n  .then(() => state.onStartScenario(scenario, indexedSteps))\n  .then(() =>\n    resolveAndRunBeforeHooks.call(this, scenario.tags, state.feature.name)\n  )\n  .then(() =>\n    indexedSteps.forEach(step =>\n      stepTest.call(this, state, step, rowData)\n    )\n  )\n  .then(() =>\n    resolveAndRunAfterHooks.call(this, scenario.tags, state.feature.name)\n  )\n  .then(() => state.onFinishScenario(scenario));",
              "err": {},
              "uuid": "4f4f8f99-b092-4ad6-b728-e8dab2020cda",
              "parentUUID": "f34016b1-70a5-454c-912e-6eb30d57e61d",
              "isHook": false,
              "skipped": false
            },
            {
              "title": "validate ALARMS page and there APIs",
              "fullTitle": "NG911 automation sanity validate ALARMS page and there APIs",
              "timedOut": null,
              "duration": 8548,
              "state": "failed",
              "speed": null,
              "pass": false,
              "fail": true,
              "pending": false,
              "context": null,
              "code": "const state = window.testState;\nreturn cy\n  .then(() => state.onStartScenario(scenario, indexedSteps))\n  .then(() =>\n    resolveAndRunBeforeHooks.call(this, scenario.tags, state.feature.name)\n  )\n  .then(() =>\n    indexedSteps.forEach(step =>\n      stepTest.call(this, state, step, rowData)\n    )\n  )\n  .then(() =>\n    resolveAndRunAfterHooks.call(this, scenario.tags, state.feature.name)\n  )\n  .then(() => state.onFinishScenario(scenario));",
              "err": {
                "message": "CypressError: `cy.request()` failed on:\n\nhttps://api-dev1.centurylink.com/DataServices/v1/PublicSafety/ng911/alarms1\n\nThe response we received from your web server was:\n\n  > 404: Not Found\n\nThis was considered a failure because the status code was not `2xx` or `3xx`.\n\nIf you do not want status codes to cause failures pass the option: `failOnStatusCode: false`\n\n-----------------------------------------------------------\n\nThe request we sent was:\n\nMethod: GET\nURL: https://api-dev1.centurylink.com/DataServices/v1/PublicSafety/ng911/alarms1\nHeaders: {\n  \"Connection\": \"keep-alive\",\n  \"accept\": \"application/json\",\n  \"Authorization\": \"Bearer eyJ0eXAiOiJKV1QiLCJhbGciOiJSUzI1NiIsImtpZCI6IjdmNTRkMjcxLTU5N2YtNDQ3ZS04YzJlLTRiYTY4MjU1YmMzMSJ9.eyJpc3MiOiJBUFBLRVk3NTY3NTIwMjAwMTEwMTU1OTQ5NTg2MTExMjc0IiwiZW50ZXJwcmlzZSI6Ijk0ODEiLCJqdGkiOiI1ODMxZGE2Zi1lODU1LTQ0NDQtODZiNy1kOGNkYTk2MWQ0NjkiLCJzdWIiOiJrb2hsc0BlbnYxLmNvbSIsInVzZXJuYW1lIjoia29obHNAZW52MS5jb20iLCJuYW1lIjoiS29obHMgS29obHMiLCJhY2Nlc3NfdHlwZSI6ImFjY2Vzc190b2tlbiIsImVudiI6ImVudjEiLCJ1aWQiOiIxMTkxNTkyMSIsInR5cGUiOiJlbnRlcnByaXNlIiwiaWF0IjoxNjAwNzc4NjE3LCJleHAiOjE2MDA3Nzg5MTd9.ej2me-FWJ0q9xgLseaNdaZbVBzzEseMt3lboiqoV7dykFJiCFlFD8fpPMNGWPv-kQLWOJ4J1490xeYlLo_YXjpvhx-n8rRq-9RmsLWUNqbsNYpTXpoqzidHl_dzIptxgUGLVJ0vavkSQhdIzbh-zIj08IbHHC8qa2UCD0XcQfhK8N7FWTM8RNrBA4cBm7dtS6CeRf33JfIMqZYCzb9AA1w_9rrHbsFQJxGMpge-5JQHWNVgZDvT9UFbhgeKKG_3ETaNvZ8T2so82xZ1BLdFHk_qF21vVszQbrgsav0AZWgIP8U1cx8Rv5XGYKlvaJ_jLLBX_11SKB4ihoRr8F_bu1rNLagw2ScapKYhqv8eFxHAQkDWUprTBcgKRrxgvcrZIbpg9ZUufN5Z7e_JB0u7l5cMRDLyAVoTTteNfFXfduA54Uw8TlGu-fbsWwpLRukc6BQxdayGqCJgPm-gYTShdl8biqzh4koXwUwfJTvB4VYao7Vv-xyQD1vzIxBetTnjIdGf-cjNZBcocHER4I55mYPDjfUDUwsZOTHUGywGGYhBuyF1c6fXPTpfQGJQtNE86DJTp1hU23PQWTYFKBka2_U-gWG61Z_FzAd6chsdkc6_uTF48INnh_NrJI_VgXQKQz9Ppo7qun8hwZ9FCeTEVW0Nb-3JQk9e1PXBUfwIrAJU\",\n  \"user-agent\": \"Mozilla/5.0 (Windows NT 10.0; Win64; x64) AppleWebKit/537.36 (KHTML, like Gecko) Cypress/5.1.0 Chrome/83.0.4103.122 Electron/9.2.1 Safari/537.36\",\n  \"accept-encoding\": \"gzip, deflate\"\n}\n\n-----------------------------------------------------------\n\nThe response we got was:\n\nStatus: 404 - Not Found\nHeaders: {\n  \"date\": \"Tue, 22 Sep 2020 12:45:22 GMT\",\n  \"content-type\": \"application/json\",\n  \"transfer-encoding\": \"chunked\",\n  \"connection\": \"keep-alive\",\n  \"server\": \"nginx/1.17.6\",\n  \"vary\": \"Origin, Access-Control-Request-Method, Access-Control-Request-Headers\",\n  \"x-content-type-options\": \"nosniff\",\n  \"x-xss-protection\": \"1; mode=block\",\n  \"cache-control\": \"no-cache, no-store, max-age=0, must-revalidate\",\n  \"pragma\": \"no-cache\",\n  \"expires\": \"0\",\n  \"x-frame-options\": \"DENY\",\n  \"x-level3-mediation-id\": \"ME-apigeeidc17test6128176738094\",\n  \"access-control-allow-origin\": \"*\",\n  \"trackingid\": \"60f05540-7ef7-bdac-9b34-366e02bcaaff\"\n}\nBody: {\n  \"timestamp\": 1600778722808,\n  \"status\": 404,\n  \"error\": \"Not Found\",\n  \"message\": \"\",\n  \"path\": \"/api/v1/alarms1\"\n}\n\n\nhttps://on.cypress.io/request",
                "estack": "CypressError: `cy.request()` failed on:\n\nhttps://api-dev1.centurylink.com/DataServices/v1/PublicSafety/ng911/alarms1\n\nThe response we received from your web server was:\n\n  > 404: Not Found\n\nThis was considered a failure because the status code was not `2xx` or `3xx`.\n\nIf you do not want status codes to cause failures pass the option: `failOnStatusCode: false`\n\n-----------------------------------------------------------\n\nThe request we sent was:\n\nMethod: GET\nURL: https://api-dev1.centurylink.com/DataServices/v1/PublicSafety/ng911/alarms1\nHeaders: {\n  \"Connection\": \"keep-alive\",\n  \"accept\": \"application/json\",\n  \"Authorization\": \"Bearer eyJ0eXAiOiJKV1QiLCJhbGciOiJSUzI1NiIsImtpZCI6IjdmNTRkMjcxLTU5N2YtNDQ3ZS04YzJlLTRiYTY4MjU1YmMzMSJ9.eyJpc3MiOiJBUFBLRVk3NTY3NTIwMjAwMTEwMTU1OTQ5NTg2MTExMjc0IiwiZW50ZXJwcmlzZSI6Ijk0ODEiLCJqdGkiOiI1ODMxZGE2Zi1lODU1LTQ0NDQtODZiNy1kOGNkYTk2MWQ0NjkiLCJzdWIiOiJrb2hsc0BlbnYxLmNvbSIsInVzZXJuYW1lIjoia29obHNAZW52MS5jb20iLCJuYW1lIjoiS29obHMgS29obHMiLCJhY2Nlc3NfdHlwZSI6ImFjY2Vzc190b2tlbiIsImVudiI6ImVudjEiLCJ1aWQiOiIxMTkxNTkyMSIsInR5cGUiOiJlbnRlcnByaXNlIiwiaWF0IjoxNjAwNzc4NjE3LCJleHAiOjE2MDA3Nzg5MTd9.ej2me-FWJ0q9xgLseaNdaZbVBzzEseMt3lboiqoV7dykFJiCFlFD8fpPMNGWPv-kQLWOJ4J1490xeYlLo_YXjpvhx-n8rRq-9RmsLWUNqbsNYpTXpoqzidHl_dzIptxgUGLVJ0vavkSQhdIzbh-zIj08IbHHC8qa2UCD0XcQfhK8N7FWTM8RNrBA4cBm7dtS6CeRf33JfIMqZYCzb9AA1w_9rrHbsFQJxGMpge-5JQHWNVgZDvT9UFbhgeKKG_3ETaNvZ8T2so82xZ1BLdFHk_qF21vVszQbrgsav0AZWgIP8U1cx8Rv5XGYKlvaJ_jLLBX_11SKB4ihoRr8F_bu1rNLagw2ScapKYhqv8eFxHAQkDWUprTBcgKRrxgvcrZIbpg9ZUufN5Z7e_JB0u7l5cMRDLyAVoTTteNfFXfduA54Uw8TlGu-fbsWwpLRukc6BQxdayGqCJgPm-gYTShdl8biqzh4koXwUwfJTvB4VYao7Vv-xyQD1vzIxBetTnjIdGf-cjNZBcocHER4I55mYPDjfUDUwsZOTHUGywGGYhBuyF1c6fXPTpfQGJQtNE86DJTp1hU23PQWTYFKBka2_U-gWG61Z_FzAd6chsdkc6_uTF48INnh_NrJI_VgXQKQz9Ppo7qun8hwZ9FCeTEVW0Nb-3JQk9e1PXBUfwIrAJU\",\n  \"user-agent\": \"Mozilla/5.0 (Windows NT 10.0; Win64; x64) AppleWebKit/537.36 (KHTML, like Gecko) Cypress/5.1.0 Chrome/83.0.4103.122 Electron/9.2.1 Safari/537.36\",\n  \"accept-encoding\": \"gzip, deflate\"\n}\n\n-----------------------------------------------------------\n\nThe response we got was:\n\nStatus: 404 - Not Found\nHeaders: {\n  \"date\": \"Tue, 22 Sep 2020 12:45:22 GMT\",\n  \"content-type\": \"application/json\",\n  \"transfer-encoding\": \"chunked\",\n  \"connection\": \"keep-alive\",\n  \"server\": \"nginx/1.17.6\",\n  \"vary\": \"Origin, Access-Control-Request-Method, Access-Control-Request-Headers\",\n  \"x-content-type-options\": \"nosniff\",\n  \"x-xss-protection\": \"1; mode=block\",\n  \"cache-control\": \"no-cache, no-store, max-age=0, must-revalidate\",\n  \"pragma\": \"no-cache\",\n  \"expires\": \"0\",\n  \"x-frame-options\": \"DENY\",\n  \"x-level3-mediation-id\": \"ME-apigeeidc17test6128176738094\",\n  \"access-control-allow-origin\": \"*\",\n  \"trackingid\": \"60f05540-7ef7-bdac-9b34-366e02bcaaff\"\n}\nBody: {\n  \"timestamp\": 1600778722808,\n  \"status\": 404,\n  \"error\": \"Not Found\",\n  \"message\": \"\",\n  \"path\": \"/api/v1/alarms1\"\n}\n\n\nhttps://on.cypress.io/request\n    at https://nginx-master-po-ng911.kubeodc-test.corp.intranet/__cypress/runner/cypress_runner.js:159172:21\n    at tryCatcher (https://nginx-master-po-ng911.kubeodc-test.corp.intranet/__cypress/runner/cypress_runner.js:10325:23)\n    at Promise._settlePromiseFromHandler (https://nginx-master-po-ng911.kubeodc-test.corp.intranet/__cypress/runner/cypress_runner.js:8260:31)\n    at Promise._settlePromise (https://nginx-master-po-ng911.kubeodc-test.corp.intranet/__cypress/runner/cypress_runner.js:8317:18)\n    at Promise._settlePromise0 (https://nginx-master-po-ng911.kubeodc-test.corp.intranet/__cypress/runner/cypress_runner.js:8362:10)\n    at Promise._settlePromises (https://nginx-master-po-ng911.kubeodc-test.corp.intranet/__cypress/runner/cypress_runner.js:8442:18)\n    at _drainQueueStep (https://nginx-master-po-ng911.kubeodc-test.corp.intranet/__cypress/runner/cypress_runner.js:5032:12)\n    at _drainQueue (https://nginx-master-po-ng911.kubeodc-test.corp.intranet/__cypress/runner/cypress_runner.js:5025:9)\n    at Async.../../node_modules/bluebird/js/release/async.js.Async._drainQueues (https://nginx-master-po-ng911.kubeodc-test.corp.intranet/__cypress/runner/cypress_runner.js:5041:5)\n    at Async.drainQueues (https://nginx-master-po-ng911.kubeodc-test.corp.intranet/__cypress/runner/cypress_runner.js:4911:14)\nFrom Your Spec Code:\n    at AlarmsPage.verifyAlarmsCardDetails (https://nginx-master-po-ng911.kubeodc-test.corp.intranet/__cypress/tests?p=cypress\\integration\\sanity.feature:61:10)\n    at Context.eval (https://nginx-master-po-ng911.kubeodc-test.corp.intranet/__cypress/tests?p=cypress\\integration\\sanity.feature:613:14)\n    at Context.resolveAndRunStepDefinition (https://nginx-master-po-ng911.kubeodc-test.corp.intranet/__cypress/tests?p=cypress\\integration\\sanity.feature:11115:9)\n    at Context.eval (https://nginx-master-po-ng911.kubeodc-test.corp.intranet/__cypress/tests?p=cypress\\integration\\sanity.feature:10457:35)\nFrom Your Spec Code:\n    at AlarmsPage.verifyAlarmsCardDetails (https://nginx-master-po-ng911.kubeodc-test.corp.intranet/__cypress/tests?p=cypress\\integration\\sanity.feature:61:10)\n    at Context.eval (https://nginx-master-po-ng911.kubeodc-test.corp.intranet/__cypress/tests?p=cypress\\integration\\sanity.feature:613:14)\n    at Context.resolveAndRunStepDefinition (https://nginx-master-po-ng911.kubeodc-test.corp.intranet/__cypress/tests?p=cypress\\integration\\sanity.feature:11115:9)\n    at Context.eval (https://nginx-master-po-ng911.kubeodc-test.corp.intranet/__cypress/tests?p=cypress\\integration\\sanity.feature:10457:35)",
                "diff": null
              },
              "uuid": "469a7666-fe4f-457f-af32-013ba8a2925f",
              "parentUUID": "f34016b1-70a5-454c-912e-6eb30d57e61d",
              "isHook": false,
              "skipped": false
            }
          ],
          "suites": [],
          "passes": [
            "9465f7a2-a743-4418-981a-ebc82c7c14ca",
            "8ebf41c7-cb65-42b6-be44-a3299d9272fb",
            "4f4f8f99-b092-4ad6-b728-e8dab2020cda"
          ],
          "failures": [
            "b90d8135-fec0-42a9-9a5a-5f326ddcb683",
            "469a7666-fe4f-457f-af32-013ba8a2925f"
          ],
          "pending": [],
          "skipped": [],
          "duration": 106244,
          "root": false,
          "rootEmpty": false,
          "_timeout": 2000
        }
      ],
      "passes": [],
      "failures": [],
      "pending": [],
      "skipped": [],
      "duration": 0,
      "root": true,
      "rootEmpty": true,
      "_timeout": 2000
    }
  ],
  "meta": {
    "mocha": {
      "version": "7.0.1"
    },
    "mochawesome": {
      "options": {
        "quiet": false,
        "reportFilename": "mochawesome",
        "saveHtml": true,
        "saveJson": true,
        "consoleReporter": "spec",
        "useInlineDiffs": false,
        "code": true
      },
      "version": "6.1.1"
    },
    "marge": {
      "options": {
        "id": "default",
        "reportDir": "cypress/reports/mocha",
        "quite": true,
        "overwrite": false,
        "html": true,
        "json": true
      },
      "version": "5.1.0"
    }
  }
}