{
  "stats": {
    "suites": 1,
    "tests": 1,
    "passes": 0,
    "pending": 0,
    "failures": 1,
    "start": "2020-09-16T09:15:27.181Z",
    "end": "2020-09-16T09:15:27.181Z",
    "duration": 6054,
    "testsRegistered": 1,
    "passPercent": 0,
    "pendingPercent": 0,
    "other": 0,
    "hasOther": false,
    "skipped": 0,
    "hasSkipped": false
  },
  "results": [
    {
      "uuid": "0a89ee3b-a0c7-484f-be6e-0f469041f62e",
      "title": "",
      "fullFile": "cypress\\integration\\sanity.feature",
      "file": "cypress\\integration\\sanity.feature",
      "beforeHooks": [],
      "afterHooks": [],
      "tests": [],
      "suites": [
        {
          "uuid": "775d335a-28ad-4072-93c8-16ef5d279ab5",
          "title": "NG911 sanity automation",
          "fullFile": "",
          "file": "",
          "beforeHooks": [],
          "afterHooks": [],
          "tests": [
            {
              "title": "NG911 sanity testing",
              "fullTitle": "NG911 sanity automation NG911 sanity testing",
              "timedOut": null,
              "duration": 6054,
              "state": "failed",
              "speed": null,
              "pass": false,
              "fail": true,
              "pending": false,
              "context": null,
              "code": "const state = window.testState;\nreturn cy\n  .then(() => state.onStartScenario(scenario, indexedSteps))\n  .then(() =>\n    resolveAndRunBeforeHooks.call(this, scenario.tags, state.feature.name)\n  )\n  .then(() =>\n    indexedSteps.forEach(step =>\n      stepTest.call(this, state, step, rowData)\n    )\n  )\n  .then(() =>\n    resolveAndRunAfterHooks.call(this, scenario.tags, state.feature.name)\n  )\n  .then(() => state.onFinishScenario(scenario));",
              "err": {
                "message": "CypressError: `cy.visit()` failed trying to load:\n\nhttps://nginx-master-po-ng911.kubeodc-test.corp.intranet/ng911/home\n\nThe response we received from your web server was:\n\n  > 503: Service Unavailable\n\nThis was considered a failure because the status code was not `2xx`.\n\nIf you do not want status codes to cause failures pass the option: `failOnStatusCode: false`",
                "estack": "CypressError: `cy.visit()` failed trying to load:\n\nhttps://nginx-master-po-ng911.kubeodc-test.corp.intranet/ng911/home\n\nThe response we received from your web server was:\n\n  > 503: Service Unavailable\n\nThis was considered a failure because the status code was not `2xx`.\n\nIf you do not want status codes to cause failures pass the option: `failOnStatusCode: false`\n    at http://localhost:54335/__cypress/runner/cypress_runner.js:158062:25\n    at visitFailedByErr (http://localhost:54335/__cypress/runner/cypress_runner.js:157432:12)\n    at http://localhost:54335/__cypress/runner/cypress_runner.js:158042:13\n    at tryCatcher (http://localhost:54335/__cypress/runner/cypress_runner.js:10325:23)\n    at Promise._settlePromiseFromHandler (http://localhost:54335/__cypress/runner/cypress_runner.js:8260:31)\n    at Promise._settlePromise (http://localhost:54335/__cypress/runner/cypress_runner.js:8317:18)\n    at Promise._settlePromise0 (http://localhost:54335/__cypress/runner/cypress_runner.js:8362:10)\n    at Promise._settlePromises (http://localhost:54335/__cypress/runner/cypress_runner.js:8438:18)\n    at _drainQueueStep (http://localhost:54335/__cypress/runner/cypress_runner.js:5032:12)\n    at _drainQueue (http://localhost:54335/__cypress/runner/cypress_runner.js:5025:9)\n    at Async.../../node_modules/bluebird/js/release/async.js.Async._drainQueues (http://localhost:54335/__cypress/runner/cypress_runner.js:5041:5)\n    at Async.drainQueues (http://localhost:54335/__cypress/runner/cypress_runner.js:4911:14)\nFrom Your Spec Code:\n    at Context.eval (http://localhost:54335/__cypress/tests?p=cypress\\support\\index.js:34:6)\nFrom Your Spec Code:\n    at Context.eval (http://localhost:54335/__cypress/tests?p=cypress\\support\\index.js:34:6)",
                "diff": null
              },
              "uuid": "21823cb2-a179-42f7-b085-6b46f9896bfe",
              "parentUUID": "775d335a-28ad-4072-93c8-16ef5d279ab5",
              "isHook": false,
              "skipped": false
            }
          ],
          "suites": [],
          "passes": [],
          "failures": [
            "21823cb2-a179-42f7-b085-6b46f9896bfe"
          ],
          "pending": [],
          "skipped": [],
          "duration": 6054,
          "root": false,
          "rootEmpty": false,
          "_timeout": 2000
        }
      ],
      "passes": [],
      "failures": [],
      "pending": [],
      "skipped": [],
      "duration": 0,
      "root": true,
      "rootEmpty": true,
      "_timeout": 2000
    }
  ],
  "meta": {
    "mocha": {
      "version": "7.0.1"
    },
    "mochawesome": {
      "options": {
        "quiet": false,
        "reportFilename": "mochawesome",
        "saveHtml": true,
        "saveJson": true,
        "consoleReporter": "spec",
        "useInlineDiffs": false,
        "code": true
      },
      "version": "6.1.1"
    },
    "marge": {
      "options": {
        "id": "default",
        "reportDir": "cypress/reports/mocha",
        "quite": true,
        "overwrite": false,
        "html": true,
        "json": true
      },
      "version": "5.1.0"
    }
  }
}